UDP - Macia ha conectado
Hola
asd
asd


asd
asd
as
d
asd
a
sd
asd
a
sd

UDP - Macia se ha desconectado.
UDP - Macia ha conectado
UDP - Macia se ha desconectado.
UDP - Macia ha conectado
UDP - Macia ha conectado
UDP - Macia ha conectado
UDP - Laura ha conectado
Hola
Hola
xit
exit
salir
UDP - Laura se ha desconectado.
UDP - Macia ha conectado
hola
UDP - Macia se ha desconectado.
UDP - Laura ha conectado
hola
asdgsd
UDP - Macia se ha desconectado.
UDP - Laura se ha desconectado.
UDP - Hola ha conectado
asd
UDP - Macia ha conectado
UDP - Macia se ha desconectado.
UDP - Macia ha conectado
UDP - Macia se ha desconectado.
UDP - Macia ha conectado
UDP - Macia se ha desconectado.
UDP - Laura ha conectado
UDP - Macia ha conectado
hola macia
hola Laura



exit
salir
UDP - Macia se ha desconectado.
UDP - hola ha conectado
exit
salir
UDP - hola se ha desconectado.
UDP - Macia ha conectado
salir
UDP - Macia se ha desconectado.
UDP - Macia ha conectado
salir
UDP - Macia se ha desconectado.
UDP - Macia ha conectado
salir
UDP - Macia se ha desconectado.
UDP - macia ha conectado
salir
UDP - macia se ha desconectado.
UDP - macia ha conectado
salir
UDP - macia se ha desconectado.
UDP - macia ha conectado
salir
UDP - macia se ha desconectado.
UDP - hola ha conectado
salir
UDP - hola se ha desconectado.
UDP - Macia ha conectado
salir
UDP - Macia se ha desconectado.
UDP - macia ha conectado
salir
UDP - macia se ha desconectado.
UDP - Laura se ha desconectado.
UDP - Macia ha conectado
salir
UDP - Macia se ha desconectado.
UDP - Macia ha conectado
salir
UDP - Macia se ha desconectado.
UDP - hola ha conectado
hola

hola
hola
hola
salir
UDP - hola se ha desconectado.
UDP - Macia ha conectado
hola
UDP - Laura ha conectado
Hola
salir
UDP - Macia se ha desconectado.
UDP - Laura se ha desconectado.
UDP - Macia ha conectado
UDP - Laura ha conectado
salir
UDP - Macia se ha desconectado.
UDP - Hola ha conectado
salir
UDP - Hola se ha desconectado.
UDP - Laura se ha desconectado.
UDP - Macia ha conectado
UDP - Laura ha conectado
salir
UDP - Macia se ha desconectado.
UDP - MAcia ha conectado
UDP - Laura ha conectado
salir
UDP - MAcia ha desconectado
UDP - MAcia se ha desconectado.
salir
UDP - Laura ha desconectado
UDP - Laura se ha desconectado.
UDP - Macia ha conectado
salir
UDP - Macia ha desconectado
UDP - Macia se ha desconectado.
UDP - Macia ha conectado
getPubKey
UDP - Macia ha desconectado
UDP - Macia se ha desconectado.
UDP - Macia ha conectado
getPubKey
UDP - Macia ha desconectado
UDP - Macia se ha desconectado.
UDP - Macia ha conectado
getPubKey
UDP - Macia ha desconectado
UDP - Macia se ha desconectado.
UDP - Macia ha conectado
getPubKey
UDP - Macia ha desconectado
UDP - Macia se ha desconectado.
UDP - Macia ha conectado
getPubKey
UDP - Macia ha desconectado
UDP - Macia se ha desconectado.
UDP - Macia ha conectado
getPubKey
UDP - Macia ha desconectado
UDP - Macia se ha desconectado.
UDP - Macia ha conectado
getPubKey
UDP - Macia ha desconectado
UDP - Macia se ha desconectado.
UDP - Macia ha conectado
getPubKey
UDP - Macia ha conectado
getPubKey
CLAVE_AES hWqG5+wAXjZWveusW1lqB9s9KffKrLyAb8vOA8HzcQvvGk7nY7dLbL5w88tH6AnTW5oUVntO9BqdxS+rDjm5oOalG3gtvyesgd6TyLywNBFGw7hbjGLg2PIPNnv/IOtaHPQjYrPSemmpGAlzHHnllQ00I7d/UXXa0kJS45zZgmk3ZSc2kothVQz2A4h2Q3lQRKTi3G0V+rrBpbA5KjzAYEGhz6YPpdv7NzEChR+Y7El+eaq6FjeesrxQV6gJNAYhPrFeGqI5zB+Nl00T+Y5D7m8cUQJjOr64NwPlOhoJdSHiW45TarGT00PLgS80rwiB2kYzsEuPqxEfCobH3w4n7A==
Cliente: ejdbhpuNYKvedPO5UDa+vjc9FvKYuPk9juSDIyBp0iwjkl9BhKr3cYyZ2UF/ivTlM3C3RT7HFn1PTl9LMOF9ew==
UDP - Laura ha conectado
getPubKey
CLAVE_AES XLEp6/PXbZZVtXNbqgke5wZ4jxA0XH84mTf1pEXxMTnaG8f5Tq0iRtQlLMYB000Ls68qHcE7CpazyRkpvT4xpDfpOfM9db2c/734fxnBTKGITJabkQwpVUKCbgJLsYnFXu+suUXeGRep9m3uu00N4Q0eR79kQpjhMfjyPKvo/V8NFyfLsJTemKvzErRGoL70N8u8Nc242O5grlR0T/VnBzTp8/Vkp8pXHwInZXTXJ2nrrKj6HlYlQux8eguBfFadweRtFL9tz62Fsvlb/qTDg1pd75rm48o5G/BIlQwfg1j6syw9E9zMfnh/3el2rmZnVlUx0136H/TgQDnVqcsyfQ==
Cliente: c6cpdigmE4uKaMQS0GeX03aUNsYCioDZJ4/dLSXNXibsjOU5HhPOqBQdDtzS4kYRij9hMrFmzDkA1Tuyn10t3g==
Cliente: 5k8vFtQAGwDDox2xrAbXGlaiBPj3ajdZZEzYxHjDxL+P0C1ApIfFUhlfER0Rd0qoCMD/xIB9F3UOeGG49wnprA==
UDP - Macia ha desconectado
UDP - Macia ha desconectado
UDP - Macia se ha desconectado.
UDP - Macia se ha desconectado.
UDP - Laura ha desconectado
UDP - Laura se ha desconectado.
UDP - Macia ha conectado
getPubKey
CLAVE_AES MYcxa7J7SvkPxe4xtDKg5k1sjVVUVzzYBvcEBkbmfA8EeofYP2A3DTuBoL16GkVpK3N+OPQ50c96hxYrlJoHHNtiC3n8jTA4rf7KOE9v8Vi+HZ0uKKqHfXdFWAxMiVTTUGXVVkQISahuHkYtqyO7YYnc9y1rQGAJwy0No22+acKVIhKvi7tfEjE/W+T3kGHtRSkpW1jCdT+5XMnKKVhiluksu7/9sXQaobORBidh/yG2x8hTc4bcEtjSUDZ1k9goYBY/uOZzl17b8TNWaWeNG24RcBuXfo5iMKbunmC+xHwFV+vDYou1CA4cTRYQulD+UVIMms40ovfN1B6s3hfRgg==
UDP - Macia ha desconectado
UDP - Macia se ha desconectado.
UDP - Macia ha conectado
getPubKey
CLAVE_AES JyWPxbbAUgLuiFVZRouqD9C+by1ta6sJJgeJ2am4K3vkAgRWoQrs80sLcn7aWNOlTlDhjRy1xwDfJNH712VFQvLuw/eZ9y4CPBuLmD3HCC4jUWY9lyxhwWfllBwJVTbYYOhw9j/SFuYlot2e/MUAJUFZbYPf8agNcvOACRDDQczOU5N8Ai21qxTmLZ/i8fW8cvTHW0frxWLhUtrZC1cdppFFj3MFMFlMMcgdGjvScSQtNdjlHwTREPS+6Dnz9n9jd0BUC3CVknmnVRxWXwYw67/QdlSdDQjIHEjguXc8Ta0OXJXiKX8Fc7bFWM6r/4zh3ktTh+1RaOF/78x3HvJD0g==
UDP - Macia ha desconectado
UDP - Macia se ha desconectado.
UDP - Macia ha conectado
getPubKey
CLAVE_AES iVtZQT4rAhI064Doqh4A1ISc/I+vmZSHSNkOEaC2BTyUMjLEc/MhQuH4+/xDIeu4x97Rf4e9gg6Xt2xBNdu3HzfkiXkYZDNCxKWdpSU6LMiFfvCLVCMhnZ2b/OV4peqElBq7qqwlR3gx9jI+0HO7claeKz/QibT1t4nbJ6DYySuCoTEvKDfHJ2tPfdXsGzsoo+5wnZeN4mxif3i26722bIkvq9bjnUGKAH3BNX0IN1TMsTMmSWdMEFxvie4LFNdSaHwokuMAOOyLI2Zn2hMUtN+I2mWcjmulR/5raGj3qD/Jxp21xyCJ//5Jayblf9Qb0WLvFietbqJDridbj8pJJQ==
UDP - Macia ha desconectado
UDP - Macia se ha desconectado.
UDP - Macia ha conectado
getPubKey
CLAVE_AES sazwqsVxsZHzsZfRLTuhsNEA2WerfP82wgbgzR50pteHSB4KBEh72ZKYUVs0U7DHbeoZ408szKFhUAFrsqBpr+0AAV/jrGolJ0KHlzGpqxiKYXgIOupzEHH7pVXAFYGWHjNRrQBUCNEDpdjoUyhLV+r1zQy8Fq2kkhCICvP0Vntb5AnNYdGxyxLUCPcHZczD86cBGKMw7T4ab05YOaXqUlwe4S+wt11XFPQBhOCFAzvezoG8MNU5ByQ/0QbfzCAyXK5xyAF2WfrEjCGGRJY+K2fbvRGWMDyAX+JRvRcGZhsjcEPaAkVWdJP+T9Y3N7EgnnNrlt9tGOK/6GfScH3tyw==
UDP - Macia ha desconectado
UDP - Macia se ha desconectado.
UDP - Macia ha conectado
getPubKey
CLAVE_AES RtW1I/YGVt3RH20+dAvLOvTOffFRnWE4Au7BhupZolpLTa6aDWOLJ4r9kjqOiTOUT5TebHpiTnmOf3ngXhuJWZLPPl7kICiwqtMC22Jz9clR6sSjap440i/iApOEoAZOWmYh0AYEj5SG149cqQrWp2lEYP67iVOxF/sRDR+gI8t9/xx3z7ogPPXz7nqBi2dCKa34cy6rpGQDXyi+u95a7oqH9yq3wljnU7C9+rDDkpDf8NIxExjc0gLPaQ4X3aIuag6VN2CD628y54knyc/5WZOLvub8YNKw27FlwkO+uhFgmUy4IMfgGpW4aQI6O+7lc/6DsU/st+WkB/CrKjiiIQ==
UDP - Macia ha desconectado
UDP - Macia se ha desconectado.
UDP - Laura ha conectado
getPubKey
CLAVE_AES HyK526CGGRhuyiPGrC5wQGmxt4duX+SwlThGwNyvkdLjirD5ywb/WtedeParIZIz8L0l+8I0YueGsIj7dOPOeEUOr+QZEHVekwmIcpNoVAmZAJeYYsa2PrVsrgJUV5Lt2UeOk2Coy0I0x/sJ7ZE8mua0vRabSTAufVsgAlusrRynuOfF/Fb0sL4kP9I8K4M4D4pSHy2E7rdw5ZecLhMtqRBY0dVyir0Sn6Hq/pmrHeZiGHKGD35Bp0/HaNuTafHWvd4qezqXm+WkVQ4sxyAypzSTcXYALc26lZ1up1fpcPq0HtwxZHJVQ/5QOVBWgJE54Tn+QFNoeTE/jxBsTRLn7w==
UDP - Laura ha desconectado
UDP - Laura se ha desconectado.
UDP - Maci ha conectado
getPubKey
CLAVE_AES PJ3ybwURz+S7q424ynataKM68O9ylA7AEKrZuDuIghRTQyR4FUvXlhOyT3IemrUs9K7U/gkxDLTETifA+PZnVreEmY+7Ni5y+K3GZm+RplaPqAg0IYRnkU6ohx14Va+/Kiw8SZlZTHbcdOqvzQRoZjf9/E3mOa+uf2eDyq6HGofKkenRGDbniSV/OolO3N06e6/Lz9G6vZwgw5qNPUzB3lFBnUuGbnUU+REcKV5wnWzff6Z7GDPixXm3aORNF+0jzQ4m+BYrZRBZGY2GbNampl9saWyx/qBDVPgOSgFUcPAUbpz5zJkqY600o5TdNmLiozLxyh1ovP9E9kRokkC/7g==
UDP - Maci ha desconectado
UDP - Maci se ha desconectado.
UDP - asd ha conectado
getPubKey
CLAVE_AES B+8zfkgNSbvxs18pgL72EUES0IjBV1gpqZQe+ONPng52rHsXph3xwWHd0HRGBiEg1SLBydzAEPViG8Ql3D3XtF+fBKVyPjjDi9f+XbOaHbT9AFg4IW68x68Ngg838K0n2DA+qqfasjKlppB8ttAge+6+e7otBb98MIXRsH6SIcEelmuPclW0LCeOqEahGOm050IBQjc/ZSozK1Ga7g82cMpJg+C4SqMY0p3/Kk0DN3Vgptgzef1pZvrpsxPfxZdwoYIhlvGJQHKfcL9AIG8RTwrqTZnzQzzvgOg/KELfQwnrGhoYWjFA+QRPiROw0Fw8gtABEgKN8y7CIwELq1O4Lw==
UDP - asd ha desconectado
UDP - asd se ha desconectado.
UDP - Macia ha conectado
getPubKey
CLAVE_AES GSjWkLQHIP3B0Qn8AyW7E6noVHOSDr1LuWhs9z8EJH84uuYASlH7mj7YpE6cnEZiaKF2SJw5UBckgOSIkCdA9ldOpaE2Q/ybeT5O/7ApghAL1GFa79hLVvJyqctJvKtuKA1BPZ4zSgzkALdhkDRVLRapKPvvl4a5CbMq+xgymEijuxzvXwyH/W/7G7Mq+tmOct041sSH3vAq4Fpuq+KKTQwlV99NnNR+Kk7+nA02aZHP2OsoWdGmPvz2sVWfxM8dRdMDWlGZKKgdGg7YqXB8RBltPTCZma7nOhYtRPgo0s5OTL3Mm1YxwDszz6+4X/GJuzFDgRkIMILy9dxBQEVk+g==
UDP - Macia ha desconectado
UDP - Macia se ha desconectado.
UDP - macia ha conectado
getPubKey
CLAVE_AES TZqaK6uQzeprEm7TIzptDpKBlVSwD0Wn0oyD5dnhyvyoXdYufE0NMaGPG8kvGpwW8mt93ercCfjEHCrf4JXOfA8lANKIh/l6XBQzyKaZWdyixbCnJTB+tSEmeQ1n+ZGtWHA1NjYQBPiv76rb884wZ9Jh5ynFqgYy4kClhsx6ZPgTtKAqqZG+2FMuHVLdKWnzPhdfKtDCZwftyd/stEGnW1n4Yjv7qHzKmhyCP2UTxRdXoAuYeFluKJ3wrNuT56GwaFHO/cgD7gNqqvt1d7TZIT/j8IebJV4w1c5QwcmOteg4yRwzIcAGQodUge/RoyHkyL0nQnCTkDXi0GqKgHpNUg==
UDP - macia ha desconectado
UDP - macia se ha desconectado.
UDP - asd ha conectado
getPubKey
CLAVE_AES PBaUQrfBzxvV6B5dAldU0VFavm4UYfIwdicbpYr/IMq0CJk1DGsSLaF5e6Vt2LaRkU9HC0oBTXr6IN/Pw2g28+wJj7bZYGmyF0B2OCqOOJnCiRL/IyQRfPUN5IvO/7br+JGl2MwTl1dFM4g1r+aNs6DgldeQKL1ZFUzQvs/oLsP2anC5EzhspVWx0zeCnlvSsveWT3NVYKQbc0OUjI2JCuQu85k2bF2DPGjyVIAz75D/u+8i0DxDYCOCvB3UO13S916xvm6LsYWBNjYYPs6Uuuaw0mKoBxE+unRaMBNNVPCyujBBIioF2wamr5rjN9zgT/xeBiP4kgToM/jjN+FNLA==
UDP - asd ha desconectado
UDP - asd se ha desconectado.
UDP - asd ha conectado
getPubKey
CLAVE_AES YqIKOQqncWzC2o8tA4mCenLGn9xKFyb7tXEHuZfqeWw7DA3cPGrwUGCqoKNabnX5IYfBqBfefBrnWFwID12//7aG98Mqp7jl3gQDlLFHgqEzLrYF/74XkqnKT9eRmlT26/lwUxhOCr/U1JlYmDQT5p3txrJXteS/BitNWatBUxQS5SIVeDkoz9HmWXcuIVIom02+Jc3WwDU4TYWpzeWiiy864//gnD9kuetwxeHo8NXfnHbVxn8QBRCYu5BWNs5aRMvehiPuIYFWK0Zxz4lKVH94RciKA9W7O6TQiCGRG0b0uS++hhgGO/Ov2h4dMznd+uFLXCTKOwaWqU1USEsRKA==
UDP - asd ha desconectado
UDP - asd se ha desconectado.
UDP - asd ha conectado
getPubKey
CLAVE_AES iZCl6OkfucD+LVyKYCQp9sOtd4sQtlydBAzaWGLyzgRMEp17V63UDHYXw7vdcPgnPHwvehw4bvggEOcPuJAiPzGbS+oXOAEo2uR49h6c8gzAkLH+MlS31D1QPuS20wacu6A4/nVdKpn9AxRmiOPlp8iQjwKzoOVNZVZ49Nr8aNLmF0Ac0zrKCkeqlKAJtm1yXhBZY9iQWpfbHOmBjtE4gcLeaF5qI7O2b0CQCQy3o1wZGoNt8K/415/8yBlxNPGtbZ6PyGI5XNi3XI2ap3ZVdk3sskZ4Br3hROgl/7Mu8t6Ij2YSlj0GPtZcohhdtCmrnyQaUKCRL4Ck/ZLki4TcVg==
UDP - asd ha desconectado
UDP - asd se ha desconectado.
UDP - asd ha conectado
getPubKey
CLAVE_AES Rw3e3XXzhkCZno2NUf134+jVJrj53Uii2yGB/v/R983Me+b+ih31dauCo5fz1rhnKOI+K/WijgQjM9gulEdOPnHserYqPJmOoSoL6AXbOdWe1snWJXjRMPlayfM4ezBikA6Vy5Lm+wCBP4C/2/OiFR9W1BigBKjT/TESF+lCvGHEqJJ9Gwiym6f+n080kRIAk/DDlDfdYtCUGR/9UoMckdsF+BUJ6r7lPmun6UFCmXkFKt+QuAkd7p9OY2bqx5Dbxj1CNxkT57NYDX8Qm5jhL5rF1whf89RtDSQUvJd7U4C8vgZS3Wtv+r93JP2TukwHM5zfIU7Krip8oLofDbuQ/w==
UDP - asd ha desconectado
UDP - asd se ha desconectado.
UDP - macia ha conectado
getPubKey
CLAVE_AES GFc9z4PSScyqHeLyu3I29uxMLQiz00OqIKweSD3IX8JKRKVRXARPht+Q6nJFTPC2up37ERrQoZJTo7ZSQuw7Y03i91M7Zo/IqWFCEbeyeT0LX/36DaQopxm+Fo6QAe9Ei9SnOhgXPnEOMP9z1blGNsEK7Z4T1qsmu7caCd5/B3jJvvt+QITa52aqGnL0HySBOpxt9z3AR09S7VsItiie0A3MTTYexcdRYGrzZFK6f9OTk8dX+cqKdu4MNKGK59cNUCq2Dq1cJBbII9hen+Tfc5T0+b39Vf3ult0V4+4qTT3OsWSRz1FDWIELm6wUMtPWxKtTQ0LqbcMJ3wzH80kNDg==
UDP - macia ha desconectado
UDP - macia se ha desconectado.
UDP - hola ha conectado
getPubKey
CLAVE_AES XieNX3YFjyWVYeP47sVMrq4ajx3NYursMxfhZCqMoV2706aGSTs9Cdz9HJbhq/e/QFJmRblwrjlzaZQUT+d9a6ET4DYm22NRv5pqNZTi3dpHnFuhR9tgKIGLylPt2GlJIlGR+Jyi6gmWm8NcIl+lbS1nzsrdioqaRPNrazMLK7u6BOCoLNY/tM4YdzGwmC6h/IirDVrMrR6H4beINiOJ4k7MQHMS+eImpJx0R4XTEYE7R2id9FpBy3Pbw65ivtDpyjeyEN+NKmwUSxssQIyIFXRCL/GY6hKmWn6DIgYOoTwVOHw2GoYobMalN+Y0LmIMLottGDjgPCzuF9aXJyTX9Q==
UDP - hola ha desconectado
UDP - hola se ha desconectado.
UDP - asd ha conectado
getPubKey
CLAVE_AES oy6f47vOx3aafTFUF7GxMh1skXfRQUgvy3oo+WprQZEcCpx32vfVmD3vpQwUBsefO1jywAKBKs3Jmkm09lGitc9u9rwrJgrYr1w3/H1rloiXjjvmkUI/mka2E8Rh1Cv5msc6PI7+X+mdx9MYZDs6kzPRL5/bIP2YlqATQpxKAEm8mejWunsUHnhuauY7nO30zAyQy/aOTTiKPru8tyPne12W4G54ZQ3mfghwfoG6RKO07NlqHAECZ6glab1YEZ6oZWBSu7lTEidf+j5su/Gix1+8Ffj04AM0iOHtY7kuACtUpejc2nt0CaDIthZupDAHnJI7k0+WT5z4CoNXoOf6jw==
UDP - asd ha desconectado
UDP - asd se ha desconectado.
UDP - asd ha conectado
getPubKey
CLAVE_AES gFXqKuntu3si3DOL1MEG+iWnxNJWVdQnGlOePAJCFIDN5LYLomEH8MAv1CF//LZTaVHSmvT2OzLSfm/dk6mSHAkJQ9oxuYlkYcibHInWPZmhqd8BC/Hxt+UiuInCDzlrN8eYL9hGxcIpxm5OA+BW2VnJXwwC13kjYeIf7jGSta2UsOEAzsXbnWHpZB0Mmf2LdEfR5DlzADFObNGcNg/I49MhOT3t0RdRtagl3LAj06miycADyNED6BV3Ax1NGbL2DebWaMTRHYy3w1sNMi8qEh2ulxUAwus3WiubmNYOd5rYxLxxhvjz2yQGiv2PqogCbKiMJO9oFHQAy4IUyyZAeA==
Cliente: asd
Cliente: asd
UDP - asd ha conectado
getPubKey
CLAVE_AES iGPoN0nFQyRwOOQ/HK0DoPLQzg1bCHsWw6Svi9DjbcB7qlJvnXjXRzNOqzsTt7QNXjcu4MZYSJnEq0JKDGFuO/2Bg4Y6jWMLmo8ro1AGH1aAB3HkLq1+ru1gmwX+4gSsr+XQnTDtGPzAQTHoSdiXyu3sMWM1Bc8tyWNBZGd40RkRdvIYn5rfdEVWxwoZ5Xe7+KJsKz5NykTmpL0SBm8nTAPrVWxqWMbVTMse6HtIZnlxNZVzwV43vQr4CG4N2MUtutK5tarzN85txtpX5ZfswuL2vOeIpB/BtSBrwPbSe6W++gaLg5Gdut31olCCNaTlNXyzVazcs/PEwNQRBE3dqA==
v6OVsDF+CGV9KMLHvD+NrxmyL1TVJ9jJcP2n88dDXotJwcWKJg74SoYUiaFe93hsFmE1IHb/oqHZ4Zla/B06tg==
UDP - asd ha desconectado
UDP - asd ha desconectado
UDP - asd se ha desconectado.
UDP - asd se ha desconectado.
UDP - asd ha conectado
getPubKey
CLAVE_AES Fdfz9lo0g0/FVDcRmLzHWryRenbFxQSAyL37I+YHV02EyJSQV3jAvmCB14r1HEs198vBZbPvf9eE14X94eV/DwylsEYpVFAvT/MxerR93UEcbwEd3ZPWb5k8PbqjmesvU7GTl+lEJg5X00ldOKKtxGCGWrpgGtQ8CFMQmdmh1qKUuLWXM1wipE0GNm4xEV40PL/aQhVu3BwqjVbfxHsxX4zgAW9U9lndNCFnqqHlS2pg8CMh4OSSx+9+n/F3ra/y3fz7ZqK8e7zBeiPO5zFDS5aAXgFWcF3T6bNNWgMc7c91kqIhEbipcrd0DDQuIZJ+aQPV7wyEgJA6iQpljibSMQ==
sU62lAV2GtNqyqVZpCguh//Q4AH3mNLPFWBcz4qm4l8ypZY8qqTAX+ulO7Kp0iUCjBjPvY9ZTk4Rrocsh5uVPg==
UDP - asd ha conectado
getPubKey
CLAVE_AES UzUiTVhQ4CKU+LnVhDxqfVxCX1yZgHDbI4bySqEi/JcITfvu2rTX+6QIUqJKbmH342aWAU+HMTlja83egrgwQn2ibbKWUSZEp7/2RZgrUiJKjLDFeVo1TkLnqEY+t072B3i7eWX3N+Qwft8MLApyl4kXtveV1JRaa8HAUEzh+w9uEXMvIJwUMyrcpa4naUa9PsGmh/wrkP3jEXFJ1OeYLUh8P7uZX7tzok9m1YgUp0r3Mr3d7r02SqRk94t00FYjc+jdOtaLAglJ0rvkFAOJmam5EhqUudYkcjKNh3pTIFuobfVZ8yPtsmtNT65ykg2+5WGMvtJWc6rB+/qGT3v4FA==
ho7dobUK58uHI33X4XNHOxFvPIBv44ecu/ujNiICq2eszmM4lbgF4q4afMc/2AEE0q4iPbuWnAninHvy/ut1Kg==
ho7dobUK58uHI33X4XNHOxFvPIBv44ecu/ujNiICq2eszmM4lbgF4q4afMc/2AEE0q4iPbuWnAninHvy/ut1Kg==
UDP - Laura ha conectado
getPubKey
CLAVE_AES p+p0jI+ZDhgDnciEYlMmwPPiFfM+qnlTRYJ9m8ViZzF7Z+NszC6fdb1TeoJo6OYuXQIBPpEi9KEgQl0JY0H8MYz4WI4TfLT7tyRif684SGeU5v7UT6hzPw5S1ItIWue6CUTPtq2HA45AVxXF55MmzFxTCA6Q/GshPGnBzh5ALqbm2dutMDSGzgQhRRGwOjTqncfHvRXwbp5Fs70S6Vn2bqHN+tayGV++79QAmXfxJAPJ9VF/hzEyQc8/iSqM/tHjwTHGfxHLkom9qmNO4hgi+abwkNTGosk9kkR3cCwNQ0Z15+DKOmjGuYKEe/zHs8u9iRBVC1hBJE1Sex2h/BN/lQ==
VP1ZR72KoeBvBVepayNJ1PdEY5SAIV/qFzfZEYyR7KYqFKZDztnmwkRpjPUiG6tZJA5t0e6ffRft8nOGuW73Cw==
UDP - asd ha desconectado
UDP - asd se ha desconectado.
UDP - Hola ha conectado
getPubKey
CLAVE_AES nJ7APzgHIVRsbR1siuomdxeVL4F3vVHe1EWZxrD5TAZEEV5Ga5Qc1sxAEPdeX64rmJgIis7bBnH7/PTy5s59BLdZwT4eFSpCVxFj0J74yoI7XMqd/NSitKVZTVSn3hibTiX8EdnKuFQ+qGUCXi1BDX5Ot0kPd+0BM/Xxd6T1bIrd0NTQtQqvR+IoQ27QWu8J7KrLYktbfR1ZzleA85qZA70Toejgm/+EOs9eghS076MasGL9iH7D2rNWlrwPd1IUsBcxHRWxLMKJk5ZNHiKpmQJqTO3S1e8LW8wgMg5COFooABzI0mJZgiAsxWYoD31/rilTB+lZEpqBoiKZ/z5+bQ==
0CZqpa6Ats/NW+h8ZUsEvgNi6aFKCZ6xQolGakyXDR5ayD1Wi5QkJ5TzkcOBsGoWHQV8VVqjPoRUtEWCBG/5Gw==
UDP - Laura ha desconectado
UDP - Laura se ha desconectado.
UDP - Hola ha desconectado
UDP - Hola se ha desconectado.
UDP - Hola ha conectado
getPubKey
CLAVE_AES ogCwKOf1KOHeq9ic9QWQdWnM/HzMj5GMZbud6RPKe4dUdLkc9f+OQEMlmAOg/+7ipAtVyOHaKSEeUxVGii8v1Jkt+BseZlKy1JIkTemoY+7l9RXL4zQ0blfpaBbbm31wLvHytnHmaGf1yyBvwSYFppWBLTB3D+AVPYh7rO/XFZ3FvhoxIDM+aNBbXX4NZZItYT77g8LaHpeUrQuO26AjCp4I8DZMd9zXpcFN3q97q+ojqa1VDGvhaAMDPkx0Snn+qubAyxY7bVNmhMA1EoicpE3N+jvWBXf5qT6BMZh/KNuJUVkDVeU8SE57kVDmT08S4jb9SJG/Z0Ou7vu2Q3RC5w==
mNgUcswIOr+MedhmzvhvLaNEiyP6gMKanHHIM7A1WGo6cD8grlNrKxQ7jOUCemfCcSflB7s23Ty0GfZGR73fHA==
mNgUcswIOr+MedhmzvhvLaNEiyP6gMKanHHIM7A1WGo6cD8grlNrKxQ7jOUCemfCcSflB7s23Ty0GfZGR73fHA==
mNgUcswIOr+MedhmzvhvLaNEiyP6gMKanHHIM7A1WGo6cD8grlNrKxQ7jOUCemfCcSflB7s23Ty0GfZGR73fHA==
UDP - Hola ha conectado
getPubKey
CLAVE_AES OZpaeF9u3e34lwGRLV0udaS60gM70pQxexQ2PYzNtpBaPjScaBcMwvpwle7eeueAjTdI3eLQI8H4nUxRmT/OZLoKO/QjD2PWBFQd9VSvz5sOW3xtqVJnUqFOJMIPF4QNQoeb73wmuUWSojb1eoRxqhm/7uA9cPbik7v2Yx37qW/lwvB4RJ38F5ffv9fHiGBCQt0e9v7sg/58NDtK/B8wqQuAg/3lJu41NZ4W5JygU7LouoUcAOESR15AvaQInM0E0tzky1n1SjG9ZtiHzokz4n2mctwycAWGwlfGlHlWUSeGPDCaEFz4abtJ+7zuUAmJ+omVKqH6cifa0n9rSW0oHg==
8uiLQcYlS0Uv8XeKCJPoMOH34QV5rpx5gNoDfgZZtpxFBDhufLIasas1h9dv72yUHaSL0aCsHUUiJLPZGXWk1w==
UDP - Hola ha desconectado
UDP - Hola se ha desconectado.
UDP - Macia ha conectado
getPubKey
CLAVE_AES TD9x0+pd5mOxOCVrqB2b89qMYYtr1UUYkGU0mHJRBCjZClmx98jyBc4TA2H8VNPKmGe4dF+DGrBPUslJHDc5mrrqFNRAmBmJRgvUvbzOtx020pR9R0LblM6FwdbKhRda5VLicWzZftvD8pHqMOq3KyV4sWBstTu3W/s8H6At4C4R8J2rKeR0I9c/TXHu0aupflI7FrDdLXbCiNNwOuB6RekUGckpcRgLjThxUwwAzisACf4B9FIEA65qCQ2Mq7VXpfFSQD0ffpW+QMKcyrkXo48zje9qEDTAC1iuRZekfVGT1KRxMEDupFs3n7k9nCNfMDDSD2mYpKFPcSMxBVTgdA==
zHz0Hs3CREcN/0r7hhjhaVkLjt1uq13lxWA7qvs+WTT4qeTRVzfrdmH4dBaEcYugKSWF0iqyTmKiShblM2zh+A==
UDP - Laura ha conectado
getPubKey
CLAVE_AES oPWh52+4oa+X5UD66bcw+GyidiDAmHa7Q5JGCwYJWcIXZPfIfapeMRO6wbkFYAynRX8TGQINrHdfLi4D9o53Y8+L2muQDETMK/MzeabmLURhvBDz527ZBuyJFgePjlFJ+RSfr04KTdXylOzE/pRDKP+XNfnXDqre0aSSeFk2/SFy6aNgtSCAmJAZ1GhToZ3Vzpbt/fITM4e8zT+jq/KyBpjK3S4Ea4V2wP0lsVln7gYxIcBmvKBDf7Nfoi+spW2j0C3GmRv7Yxa/+MNQhogfdbDSn5xi8L85hABTcCE2fkuSwjPiA5gNjrT5hQvzmK47TJXZPYOe7g1o2WxrfjOlfQ==
dxuh/fQR0r/Ix6v+GoFws4oVByJFe4gTRf32ogDRMLXWdmyT8v6tsQ6B3S5qu5nOBemWnEViO64HZTNEsZMRmA==
UDP - Macia ha desconectado
UDP - Macia se ha desconectado.
UDP - Laura ha desconectado
UDP - Laura se ha desconectado.
UDP - hola ha conectado
getPubKey
CLAVE_AES OzaujgxchhVobQg9ql1vFFCkibpHOcSwcDheClHrJrmZT80LF+LSyEObhdms/7H3o0Uw8DEJPVKYZKBk/X63P4RKooJyrd+7tiJnQD3bQ/yxLExlCtZgJCmanl4tC0m7DGFLl4fgUJ8fEzDt997ozXXijNu52FNQ7Oz3d+mTcr07f6w4wK7yLYNbVrNx+4XHkpF8a+mxAAkL0KaOW2aPNJYhPhABkpXwy7yL6tgfA9laytQKQwVRBnxJGMVDR0Wapb6YEA6LLwjo0btGCkHMkxe5YWWi/y/m1rm4uhJ9/IKgZOXTlT/psrH8EaOTVXmvDcHuN+w88yLSe7r5iwXUtg==
NcdZOW/bvJ3lQ/qnSVADtIFAp/90bs8lAx1Dr0EPWVsAka8s4+RvcQkXKEmPbwZBY2t74eDlPcp5nM+/111PsA==
9hXHViVQmkKtLWJDDQv3x5GykY8T6JHtb9Nk8MeAPdNstB5npqbdm4fW7LBtb2c/Y2t74eDlPcp5nM+/111PsA==
9hXHViVQmkKtLWJDDQv3x5GykY8T6JHtb9Nk8MeAPdNstB5npqbdm4fW7LBtb2c/Y2t74eDlPcp5nM+/111PsA==
UDP - asd ha conectado
getPubKey
CLAVE_AES CLRSchQqGP15kGo9GEwdc60GrpASPWtA/fIU7rXyD7VNCQnjFtQN+wPZdywr+3T4UUXKPzJj3Cge8havn3X56sJg9bONaZlxiIpaLf7etBqM/Kjmvn1nnqiM/KEplh/8tgvbhw5P0NoAGjI6Mz2pLvDBI7FrzrZK/OrDIVbYmYUK/p11wgtwK9TUJdfNkL25TmkEY4Tm3S1BCM4T/wBy3Mja66rZCvRwAjcBlqntWvbsGGctj50Xxajrl2d3GCc2Zuq9dzfELKop3Swh/uaHORXlh4I06y9K0pC6ndMxeXCqQnVH/2sdC9HV5wSFulE2w8A1fb4JR5JwfT4b5TFG3g==
sQG+tAAgo6CX+mM9/LNJq2+Y61sZIEgrmjxxQklmJ8H/WkpwZGFBZQn2dZsJxNGGODrkmHeuD1rt9l+D1S9Sqg==
sQG+tAAgo6CX+mM9/LNJq2+Y61sZIEgrmjxxQklmJ8H/WkpwZGFBZQn2dZsJxNGGODrkmHeuD1rt9l+D1S9Sqg==
EsprugQ1vURr9eSdz3o2EBgksE5ryUvS8sSepZdm4tTGjireHfIwnIW4cUr4BG6k
UDP - hola ha conectado
getPubKey
CLAVE_AES DS0eaB22A+e15yvVCXPvA9/zt0fG1KWw+vbV6ideyhywOfRsWtNlbNPShS1M1XclBBcamjbPU/xg6XrPfXKD+gogBEFnELcEKev5gJ8Iwk0zgSGWhdegmMw1HVuFIYEX/OmWKOxrY8qVEVJWNiQ4BQ2fX6LdsV7MWSR9mUe7Gmtwzl9upF78GOyzHLpCNv4/E/ZADiWVfmoljYXkaZrcXfy66AOHpsHfVaspu/4rWfP4CYap3hDQxj5g+B2u8dtCtczxbKZZCQtfxqS6zuuSgRjXk+3N3XVj7CbVMGo0jseG8Ot9FW1ay2BSl6ZJrGs8rVeWSwSMPOvIBMrXUm3T5g==
C61eDFuZ6mNDiIGkfvYtjndIDzBTj8UbyNvxR4G/Ca2o5zF7IGEj2xCPv/z0+hhmWjV8BMS6+3rs1y5tZMif6g==
UDP - macia ha conectado
getPubKey
CLAVE_AES mdnFIQ463/uYcOua3Q0AAsG66gItInAEvXpFdKvnrotzW2KlPuJwj+JnFfvVnZyGI0/EJTp+EgiQw4Uw6umnA9cMquTfi/tPmy56uyAI+UeJ2kFouuTmoz0iKn8/YfBGrh8Rv+jqVJYIff1OnIS990glJfwIPQfXHphWrqoJ8nUqyNOgfRpaqeYWcv82scOn9cXIQ7stDAmXt4kMk05zLpGMLrIn3qb0MNqaCMJv0kb1o94J+m8mkup7qkY6CT5Wb/PiITRBQc3mM6pxtZt+hTOCR5NjDciJQxAp5c4n0Kqh6mCCuKb9fo5IC1qa1ZaV+4f/Eg2nLmfIcDrNu3ijYw==
wo0/Uhc8VONTEm6SHpdNX7A+x99o19LgKIuaIc5vd9eKLr8rxxNjNbGmDNB60rlwej/LTsRGjpr6vTXUuKmckA==
wo0/Uhc8VONTEm6SHpdNX7A+x99o19LgKIuaIc5vd9eKLr8rxxNjNbGmDNB60rlwej/LTsRGjpr6vTXUuKmckA==
UDP - Laura ha conectado
getPubKey
CLAVE_AES EeFct7cCzCQfgEqnKzqeFJfUZS8grmIj0EOooKo3vzboMmlfRlYkgY7PcAsdy+nrgK1VStYriX50HLDCQcyhP6altfK+oa8Yp7uY4QjO4ILkwJP+wVJieOI/XOqt3ElGMCKxc+eV9hCGeNEFfDzKJ6/165YQv+WSVeSnw0hXc21sFlas3JJdq13n1T628iXDh6Y2ASHpsqeBl0iNy+KQzEbR7h3OzCOuCXEKrDi+UYWCD0pzP/R+5yK/NfzU2Fgun1gse0Scq1g87UFYxNXObpKpO2q34q09Vtj2yu02gdAjqoMvmxyKGxha2KaJT1F0n68HaZPMdQ5oXzgK9D4M/g==
Pyou1hFRgSEXSkCBRetJEU68WEsYEeOpPtpTS2R4LN0HclTbIJPYOsyHN4qtB1C/EOjHVkTtmR0j4PRZxSkETg==
UDP - macia ha desconectado
UDP - macia se ha desconectado.
Pyou1hFRgSEXSkCBRetJEU68WEsYEeOpPtpTS2R4LN0HclTbIJPYOsyHN4qtB1C/EOjHVkTtmR0j4PRZxSkETg==
UDP - laasd ha conectado
getPubKey
CLAVE_AES Guqpk6kPVbWpjGqMPTzPJw/UCQc17OaumNq7XSS/WP/GVC3KT8l97DphKTFVFpOzsgy3UF2Y5/gSzOWIYhAgq75DWNT8Zdh0BG78jxjKPT+begZzwpY0OCwOpEotFhtWvWag2j/NXZDJ8gihcGc69Xm3M+Tzy918oP9jujnpQzrX5dImCh/najIurvlMFdCfEzsEaDAVN2kfn4UOKEy8bUXmC+a5cEoz6+3oBObHoG/1j5h8ZmSaBEwo+QgkMh+T6zCWOJNxyoC6AXp1llsuhzP6dkEeb2Iq8t1WoZHcf7bUoNyVIxLwAcBKIcVOpq2eYT3KeUOjieHLD/unA0Qoow==
1RYtNIiwL+nna2SQD9AGUk8idL/GuCkR7jaPFmX6yW/CFG8tEpfrGTIObJIhcvxEW55mFAN/vjq/E0f+h2yCKg==
UDP - Laura ha desconectado
UDP - Laura se ha desconectado.
1RYtNIiwL+nna2SQD9AGUk8idL/GuCkR7jaPFmX6yW/CFG8tEpfrGTIObJIhcvxEW55mFAN/vjq/E0f+h2yCKg==
UDP - asfsg ha conectado
getPubKey
CLAVE_AES kZzPFu+2RHeFIglk3ndREiAWF/LOtxjolE/Wll1QLQgkWDZ9bQF8FNl2OV/MmvHQ96MZnM25/ykPfBg3td8A1lIxLC/QuOQPwbZJ5U0MOKBgto7D3cygU1O+Zg+i+xUTzgBs8OXUeRr/ymlZk4KG6ru1JZSAZkzNPBMPJe6Dxmvi2xF+Dvt+JTKbRmcABgzuEVZRBSOr68COipNbmmB8VLFAZLliHBw//uExUtULvd3mSFOTSUS97CtaILsdHcv8XHBSWJtQ4+FwMRhG49YgqK1g053mLcvTMF76Q2A3ozCBHnTQhp/p2JR/Hv+RKk9RDES+HCFDL9NLwpIIbno4hw==
JDLl/vWeRKwabqxCkXlnH7BpZPDLq1ZBnX/8QJfuUSwSfesg7f1RwzSzHmfY1VgRWDDwaiAZb5SFmbXTIwTdjg==
JDLl/vWeRKwabqxCkXlnH7BpZPDLq1ZBnX/8QJfuUSwSfesg7f1RwzSzHmfY1VgRWDDwaiAZb5SFmbXTIwTdjg==
/exord/lZPLH4EW9nhPUcqfAvbT/8KvZNC1frBEdQ97nu7dvMeCpsECRx2QDKlgn
UDP - laasd ha desconectado
UDP - asfsg ha desconectado
UDP - laasd se ha desconectado.
UDP - asfsg se ha desconectado.
UDP - Macia ha conectado
getPubKey
CLAVE_AES QrILZtHQoS75ZdV+up4nw8mYKM317yNUAKhFAcz66+aM3+hHmX1TpYp6ZXE+5iDLzOOBoPFIJkgufEdZvLOdZMogqhnRTFPYwU6fuL8SYgo7jNe9miCIGAw1jQ/DzqG260cq9Cqp46DCR8sKKqMlwZmJcFQ7t6KbLhV0u5qda9gzDlDeh4hcN1oP5T7+K/moSt6Z8Wj6pBhwNDif7rj4YyE0MID+q+kj6o9VXSc5BxmopxFEPS99a8kciGQNbNilOWP5Y8ImNs6HksK578Z0/yphM2qmaui5outfikjA7Mq3KNjq54NvZAgkOHZEidhlVUp6KOYTS2hH7BLl9c9WHg==
da4fwM5aqaYKmkm+nkLzwjObqhC8Us1BW6EJlcawERHUbE4+K6wFIaduqyIz6T029EvXVQFrngezwzos/lGrLQ==
UDP - Laura ha conectado
getPubKey
CLAVE_AES W3R87H/gexJIKaucVTm0bbJ3k7Oxu/uCJRrXF3CDsyzVhT9Slm5dtqjJqXCDe1foDzVjeckOeDCTUHExLO0Wz2vFevttijxQ4FTYmZ8lGDCfAd8A8FXYI7vYTfnxqZDZc5Iqa4RFf2BbwEQ16RjzNFJDkN6WuyYJumEjq85ds3l9hUFDA6LcSp+9bRK2hxZctOxNpSOuXFVeE1O6YkV2+XHOK4t0RQayLCDlaXynaGzRs4nI3Z5teN4TPJZjJd6gkaFiom9ccVd8pVfFS+dsB803la0Gnt702I077EFovodnxfCdgZt2gIvn7uvqk7Kl2+yN0MMryX01sNa2yIASRA==
+Jugx7dcRmOx0gynTvgTEa5w2AZR4Up1QGHUHElHGtn2QZLt2kTWFTbkZlj681H+ZJUhEwb+jDYbSSoOIHRgjg==
1bdwmkGvr7NG3R/3vVZAuz0gXwmjanZfnGvrrPGpQ4hX9K5KZWXOHemLqcFpkhnaKoD3TqfKtOlD4hsNrMA2lA==
UDP - Laura ha desconectado
UDP - Laura se ha desconectado.
E5uhzfLDHwoPUumRZm84waR8rtDaGPAkKwviVQ2cLpNMYeJlpHRU/neL3+10xAdf9EvXVQFrngezwzos/lGrLQ==
UDP - mpc ha conectado
getPubKey
CLAVE_AES PU3qM81O6r0ra9NxJ+GMpG7dsI73nLsS3JLQgQBEyp+52N3bpsWJYUDj4IwI3fohvFegLLRd6weoYexu8VW6O/5/j5yv8LZgdhe2uUMqBy1rNM/pC/slOGrsyJ1kfML8WY0hRo1UsQQjiU78lwWDMTar6YtX/SVHKPvkqbRy6a+RDFktLovgx38mxOCw7E5lO+ZDweM46PtQnmr4XyFJz4HMkRDjkoEcCTTxMpOTc8cm8ZtK7SbfyghDndYbHJQlXtdjQaI+LCFopvLpd0/Api8w1BmjlBbmDhIvT4W6dKiGok0ARPzpPKTAvN68Vx98XtXnhKdVE2a9DAPYkEgvSw==
UDP - mpc ha desconectado
UDP - mpc se ha desconectado.
UDP - Macia ha desconectado
UDP - Macia se ha desconectado.
UDP - mpc ha conectado
getPubKey
CLAVE_AES dbYHkyqNF0WpMfZ7u3WZaUhLbYmw9Vp2ZOfx96eWQcaz5kl30ttCZ75W9d4binnxep8uvE+QHmkCZtIvlE1FdKKtt0rO8BSJkk524SR+SWv/W1I8B00HysvbkhHyYlJB4ZKi0a3wjLawopM+pTMMDar4EN9b2/zT/AOi90KJ2Mt3jbQCYd0bQiHP+CTXbgoTg0DRqwuRGvgZkLWnt9w/cglJZwN4Lm5IZxjkPxbXl6VrlizPpOd7zhmZh2KDAahu0wIB/WvLrccO3Cc1FcVwIy+FTgVuRFRpHT8QDStgIMLvUx4aDGdTXa/J2q3qED1DYqa9U6jEjKMQSqbD9DSbYA==
UDP - lgl ha conectado
getPubKey
CLAVE_AES DLe3q+X/qCUKeTAG1CjPpl+YFE3vCxQhUPO8f2p10xBUBYAwjAPkF7Orp7qegp6AHgtOkliHshatY2pSHZeOatf0RPUto0LsvEpYnIF0mcFiVFc5JSV3zTAzirejfF/8xSsWtnxm15364VHkOkoYCUA3kN0ehsP2yT+PAwka1/RUKGfC0ed3DO4HaJyf5oeAD55/DAhBCU140sKqy3ZtTsihEfvhYOcDSfynSzHrVUd0fvYTMaYyUp9DSXdQW18YZNvhfBGe+pXXh6oPFABu1/dOxtKB4Ijukm6YKTfFPCxDmO40dgH/roWwO/hi1vFqSuxEdHTfPR8xDTMwnbld/g==
UDP - mpc ha conectado
getPubKey
CLAVE_AES QGtumf+YG9aKtNsojb6XPEBeVC8QSzJPhGXiYQU7H70OYuquXd8u35TTd6QziogFR71uQWPhSkCcSFVRFW5MJME+em2grFWzfrA4C2RwfT8GUmU9XxxVG33BFEygvGDIfSsaLTaV35YvK7iYvm2+1mFKPSU65LyaQgTOnNJQJKhEfd2BzCSsbm45UVLakKxMOrQMDlvXjrmU5TS3lZA2+H5MFa5+EYcFg0vbmQvhUyip357bIRWb8mj2cE5Y6WHoYmovSJdr0LWBDtWb27Cbyh5Bv5kw/uETLAbTBw9ULWqmUlQfdGkfxNHP925yKyeA1diqWpLqo0e0o6lwbnxOrg==
r2AxKGuJq7QoC+MnkvQoGK16xvNw0NNUKLUNVlu43jxVKdfl5nocK6CdXW1y/3WO+1s8r0HiI/yUDSL/1cf3Tg==
UDP - MPC ha conectado
getPubKey
CLAVE_AES nEe99x0kd6+6rErC1eKSJgAJEJe07SMy/rDXNvzHqB26Mw81wa6OwofZAIp8MvVIrribNaFIshgDA46t40I+LQfGhBtwE5sBDCgS0Eoo+/gKNDZ99iGBtVGyt7GFDq9mTz1UjlNZxrjBqbH4MLxEZzUiOO9BPJqQytIL6C2ZlJ/mSr/uiSB97e634Ay3/TJxfXT/ceZkPn8AmCQ3hydCDLiEuX1ebFi6uU52XbJWfB30qCnSoHwI+QDKXKSA+koiZOq8RFnhQyoXPJa8ZB2WV0sXb+wBYjZAZsRqP8Vn7Fe2YBslSp++BsKlD4PJdJXmb70AmPM6JlrHTpW3Wy6mNg==
UDP - MPC ha conectado
getPubKey
CLAVE_AES WZxxG/REkAa3Zr31TGYCWdkhJ0qP9ydg1JZH1wvNtsNaEqY68z6SiyL6WxYwiecoMfOFJxn48k3WEZ7F5pCTDl4GtE5IJvlWRf9Ip9zM40hrNX66mAgrBXCwW98r12r7jWzQetctFpCtoFIOEMCoPf6qLb47LfIOMGCAEYpTtUHHcExJS3H8M102Uhk7qdXrt9KKbT/e2lPPHpOMVbPhIx5+FoR9ti9Nl89Unlxlj5mj2kA0z1ox8n47C9TFknSNcqmqSZkIagcaPGSltAyC2a20WZbEKJ8dqnE3gdI1rG/a01jEtgloEqEGVR0iDxQloxhLdHMWh5fBuoz3LrcqkQ==
kYfYatYhlYMnlhKF0S9arHxS+z9Zsvme53NTvw+r2yqaHZVoHQBetrRkOsToB9H3qzDMFc7LNmj3K2JbkBZqDA==
UDP - MPC ha conectado
getPubKey
CLAVE_AES VHsOkktsSrv/6Zhxabto2lF9PMJoKgr+r7coTJ77e1Ia00zM5S3dFQ8brShdKT+p/o0X4I/4txa4u/8UF976uZfGX0UymwLa0h9N6M3Wuy81HjbV0oF8EvNowPgJq1YuGOMAcJVNPELjOIUL9nZO8xnWfcmAn2wciul7o97ZrKOSttMbMIVaoaU5m3YRRtn14PS1ZFtFojztJHOc49HGZ2zKm+egUDB7y4RSR9liMdBy92SBzbQnIKAAk0jr7FysLonwERt2uqKOa31D4ukOf3wBqQkHIugIHGK+wlZhc08mFSvE3eavarBefdUq/WuHBLhneOat250/4Wm8/SFFKQ==
FFbCWR4/WAaeabK6HmIolRhU0CqySiISaXEgsBWeFe1AiwlMBbyWuHJvfYHObwYrf07mc5644egqEHZEIupdzw==
FFbCWR4/WAaeabK6HmIolRhU0CqySiISaXEgsBWeFe1AiwlMBbyWuHJvfYHObwYrf07mc5644egqEHZEIupdzw==
FFbCWR4/WAaeabK6HmIolRhU0CqySiISaXEgsBWeFe1AiwlMBbyWuHJvfYHObwYrf07mc5644egqEHZEIupdzw==
hoW+XaA8aUjYBguJSyPlDE+OvWNg/7bTr/bC4mVHRA+EvO3uOsj98PCxfwTcUCCTiFdvT9P/rssItcSuV1FWGg==
7nVczDtwvbaftlNVk9cACkQsF/cI36x4sFgXLx/dTjwYvOfIisunCsjq/KXjbjMuG0TpGaGG3sBFMoEYS0qjoQ==
UDP - laura ha conectado
getPubKey
CLAVE_AES Qwud7OFAGYGg3RPDO3Iy958U3HjiONqOA2kVzJ4yZfLE6+5+Eg+0Ie1RBDkE2G9VpzTNmKIADKxcWP62PRTUaElLLt6W+ZglcE1tNi4Gr0Nzoh8VMdlgURRSgLUoC2mfBOgVzAjOaFeSK+s0AoKh6K7/Yr0YjxW/u6z99swYbR/XwT/H+uoSUfMwDchytaHtuJjl4uwNl7xc85wqavZe8ZXJLyVfRqkCFxpZne5DkxgsuAbg1uSui3tfM2Vaxqoh2l0EW/41TsFy21Fdm6XNSD916MKTjdl/4fxSKwxkOOWSELJ5HQxkNT7X+ZXJTrTckfsfoeChUP4tT/XHGD+Mpg==
QOaVDpeHA3Hr/R4PE+/IqOc6cIuhdXHb4izJFUGhY4QC4XcBLaSnz/6eEO81sgXwOo+p3HPC6GEjBi+QPCFGzw==
FFbCWR4/WAaeabK6HmIolRhU0CqySiISaXEgsBWeFe1AiwlMBbyWuHJvfYHObwYrf07mc5644egqEHZEIupdzw==
FFbCWR4/WAaeabK6HmIolRhU0CqySiISaXEgsBWeFe1AiwlMBbyWuHJvfYHObwYrf07mc5644egqEHZEIupdzw==
A7IlwiMQkiCrUs4k/aqn5Bw71LKukKz1+SjdkOi2/IcRXY9v1Las/7s4uEMRT0UxqAqXrpIt5FMaE/OWeRJBjA==
FFbCWR4/WAaeabK6HmIolRhU0CqySiISaXEgsBWeFe1AiwlMBbyWuHJvfYHObwYrf07mc5644egqEHZEIupdzw==
Xa9OGdJvyvlqre6C4ixg56otdPRZGeVeCLemjPAzLlVQ2+iwvNFFSw/LquFTlgPwR08Pqtu0+cqwpShKFNVDSQ==
FFbCWR4/WAaeabK6HmIolRhU0CqySiISaXEgsBWeFe1AiwlMBbyWuHJvfYHObwYrf07mc5644egqEHZEIupdzw==
UDP - asd ha conectado
getPubKey
CLAVE_AES HgaPid+LxdPQzHcmsj7yTiaN0snv+47dnd9G4yzM06vpFWTA2cSIiVTdQ/5C6pbjaFoK2vEIG3mq9ypMyG9VOrSVk3jLp+esJ3yP0QnxMHepjrEfBHO8rvFZkPK2eIpxs8WVMB90V07Dmbo4ry4I8XVw/0Ka9KdFctSIfGIHVUyUs7fNe23pTnIr5onyTH7uDrHOeG+KRmAq/+AZmpQWcZCkhHSpXvqGqlY+WTBq8oz2+T0thFqPrW3JUhWkVTzhfrM/rUXCnpxMBAMzNTSOsNu0bIkbPNusKVZvuc1uv/9qxsR3ICLeX1ITp1kMMRg6AGnKMLfFjvMqy2+yg3SZpg==
UDP - asdfd ha conectado
getPubKey
CLAVE_AES U+fijwb4/9rTRsl9ChODKvRZjMQFZnAr+y2+dQvzxsB8ketwDSoQutO+Xf41+RyHoz5RXWel6yZFYNZjjD2+fLgoYQOBy1JbkKzcZWuZiRMAZLokurAdKgFJBHQ8ofbOn+A/rM6Q6Y8cv9gKUuiuW5vfU4+W2tHu+mNRhkhXBStDApFKCVSY5V3wThfRL8vpPAfDF3WSOuRvF2DSLTRV0Kf2vPBX093FGEJQZCHEMsYinZeJF2ju5p7jbzGTSMYq97eWosC9Sqmfn+UqXW3KUAj076dEMABgElNWjZELASikbikdByEjI2SjEVXMBI8PTpwp2M+6VBPtdOe+mtX0ug==
Giva0qBy1QNBQU+JTu8cAPYyhegQH31rP2uEt9Nzh7eBSsyx4j7gd8sIUq0C8S4L
UDP - mpc ha conectado
getPubKey
CLAVE_AES D628EB0TomSM+W0XUGvCrBSiia3V6nFdHL0c4VF3wiX4xWa6VN26v9/FnbNjVdkpx4elCtOWtsw90peMZx346KnVTkNn1Kz95RcohBRda/kuEE/K9LVAZLtSsGydYHdagMcAH+pRScB54YOzvuj5lEjArPxWaVAm57GVMbmgd+pJLmDGcsk9b+F0TTFBVOkDoKcXIDS+rkNUE2hRMT6IIdyg4QBlgnJEypNSoRQTdeiQMYZupWaYQie1Hlg60dTmcdEZh7uCnzoh0zfirKtnieVif9hk0bPioOi5IxxZ8Kd5ZyIJMFWogWStiIlhL7gGI/KaN02CbqesxUQhoVz+nQ==
UDP - asd ha conectado
getPubKey
CLAVE_AES o11RPscGdtpmmOP5XPijkE71o7meqy1zQX9NUmdcX+AOMBM0m6l8q6273BTvdirduOKFYxnqs6jnnnbAXVJNJcPvxCC9o+115IPMUyK5P9VH46/4KJC/ecRAS8sc2XbmVyZL3sm7XJI1ywsPA8ZegVZ7+RODqRk9RprVO3rETQek9JI703QMJXPa14/DiwVbjrEndfoP3b02zsmPZEoyUzRIW15HPlH2Z9ktYsDiClYR9xQkFLhMVkAEyDMX8uSE7lInElQ/mGjXTK9T0lkqk2ybQ12coj94+gxG5eaUdbjFAi5uckdk0/fFei0b6n7jltHDvvj/et24JfTMMpF84w==
n6qg1HHFbtSyVeQUBl3rc5e117YzG4NXtX0Z9ganyU/15fF6ydl7fJ5nxqwJfFwxBf7aF52yzHuEbs4onQdi9Q==
/bdNrgJsHy7Wg+acacAZLxFfiHRD3Xh2zn3CINi6nybXgC0zzopkUiLp+zYVu3IuLf0Bpe/+GMGBr6apMokq4Q==
/bdNrgJsHy7Wg+acacAZLxFfiHRD3Xh2zn3CINi6nybXgC0zzopkUiLp+zYVu3IuLf0Bpe/+GMGBr6apMokq4Q==
/bdNrgJsHy7Wg+acacAZLxFfiHRD3Xh2zn3CINi6nybXgC0zzopkUiLp+zYVu3IuLf0Bpe/+GMGBr6apMokq4Q==
/bdNrgJsHy7Wg+acacAZLxFfiHRD3Xh2zn3CINi6nybXgC0zzopkUiLp+zYVu3IuLf0Bpe/+GMGBr6apMokq4Q==
UDP - asd ha desconectado
UDP - mpc ha desconectado
UDP - asd se ha desconectado.
UDP - mpc se ha desconectado.
UDP - mpc ha conectado
getPubKey
CLAVE_AES AG6DFRy+Z+Tf2OIkw4F5c7/CA9PeN/wcoxeTx5OF7MuA/o/iLs9j3gQrEV1pCHdrfbUUzNXrDycfCkqHHnlAMhE8tslOLvcLAh8XvdekvaNBmS7LOKgtXi/0/T7p9DsvhoJ260qGWXDqqqYL+fD5IdoYVCkq3dbEk2mdGkqLYJG5mYWSXpxG3FfwxkATrVCpJgQVjQa+guxdZIPG9ZW3Y3j/O4ADknWinB+YwgpaRE3Y+1pIIoBAHh0X7A3+bVAonKKWwNg4XLJ9t/tFWU8fjsO2H2bUh6XURw9ymgaWpaKRl+/gQgYP4EsXWpwXf3evgO8xYB5ZLBoqWeSiwynGXw==
pwzgnFgAIT7Lu7cMzzYs1TdWWicrgwfZ7hGT2ORKi1XvqcFDeb9cFc2uT2kcTDTOkgNuuCJRaFNk+n4LeoFj8g==
UDP - asdafsg ha conectado
getPubKey
CLAVE_AES U1UvJC63vNi13471Fj7c6cbMbCQaZGVxuofGMt7uZSCUbQ3vFsh3+u6T6Z+8XA2J89WiWTmi+u7KNlJG4ZI1hIsZgypliduOkqTUvIUeNQnRaBBSJaQpIScSV5JCB2Lvr+/Zq/ryVoQkJyuURd2tr0rj7UsMnUGmlXQKGXJXdrzpGKk93B1CSotN30ftdTPKTe1IDsjJmknqIGTDfB3CSCGbqywWwTIuDvuZ1hhbEKjHrpd1iTeB805zMBB9onOdn5dDe3H1iRptYysdNVKWwOGk4zfs1BWGrtXNIYXYthIK3BHkhUhjckH6sGbhpHZmoRn1vkBuqEj5fyrNYbzHHQ==
eA2bvOd88dUKgYxnGbS0zQmBvZRKoNtwVdu6mUAe3qrq+mj3YOwLA/clU89G0vORkLcnRViGm9YKskcdZTcVLQ==
UDP - mpc ha desconectado
UDP - asdafsg ha desconectado
UDP - asdafsg se ha desconectado.
UDP - asd ha conectado
getPubKey
CLAVE_AES EE82Yb5YW/mWHH2dmBbQ9uNJQOHnNEpAgi+j6Nd4JYTpkxZvGFzlFxbHfV/RABvzpILDDKj79EGhm9yR5G4Pdf8Xco8gFgr7s3ruy5EpHgjyetBN0Hvidr2P6Y5BkrDpnSSFlZSo1sPVKwGHwUhzJGg+Rygclnc8/pCbthacaUuWhq+2UdmDgYPAJMmvJhaWM/vuFBUaJCBJUHpexfMeTLqN4Ue/pHrfpMb3g6aESHfFv2o3Rfx/G9BOi1QS8ZvlZERKUNYuLYRzhodqC54484jbQdNBSNXeeBNasSepv2NEtUNWtxwmPSmml7kenAk0NfE7KiojevVw0Lh/kF6ysA==
UDP - asdasd ha conectado
getPubKey
CLAVE_AES Sri9GpYWIeTmeoASzJHpHY+35JyJuwwuIzoVGRsDMq+URih8K+uZwLvy8Trr37EBJyvatSs81G3m5LGwNntS4tPL3ONE8uuAKq7ayIxyySsw72oFJ92NgdmWhKPEaJ71UtOhhU6q8D4TtEJHNao3DqhpouCUM7Y3ZDPa0rRRp15Xxwu0G8vQ3NvLr4YAmioeMTJE66Li2hwg74krWW9UWwchtVzWzyW9puV9J4m3dghmL4YVnduYLmSFAbDVoC9p5lkbflF9C38/CSqAmUvsmFU+w9mrrPJJetEbRIp4i61a8aLtXD7GGa2uIVtVT9+rKXRUGmfe/aJF1S52QpondQ==
UDP - asd ha desconectado
UDP - asdasd ha desconectado
UDP - asd se ha desconectado.
UDP - asdasd se ha desconectado.
UDP - asd ha conectado
getPubKey
CLAVE_AES PVDUHzyFQ2nTGU+LYcbNUTOR75TkZqinClW7F3ld2uVr3Y7Z/i48ndDYSLgAsT63Zm1ZsopLUg84hrq4LwBfvDEGHVI+J/E1gB+vn//31sXhG9k4EgRssJZs+3v0WzatwklKn31Gb+dhBTeQCyFOj/gdiC3wbd3rfvFcNhW4rrk2luLHPBFYwJgOy3FmgrXahx8GPWKNYyPydFihMGiaZ1c2DvSvY+GZV47eIT7o2KCahK8uW/Rn1hUSfk9PQOreXdXcDkVf+jy5SB4ruNzhYuVPJ82JSMkJ2ddTw3jjgB5HuRrvhA3lLBoNPr+skm6ElmCjs/zHQ06pyS0fjXErmg==
CZwA/gWQmFCN7Jnt1BWQSWGSeSI6KuSieTXxG79nFPJpO0UcEYO9ZtFWXEpw91xZ
UDP - asdasd ha conectado
getPubKey
CLAVE_AES DVeWJiRp0nzeNojqjDIT7R4bSSLtpod8vZbq24r0YFGsCMD7O9CJn1U82wQ5/UdaWybzChbnYFLmyaXBqusFNRMixEAFkyq3ATq5pFSsU/c+6iSFV82J0RQ6wkHH+rejzh7WFQe2tupUhDovjTq3ElueFNGtjy0qePlChsXL08KY+QvQQiPEsZw23f+r371NUGr09AqOuQEocsZbY2p7JDw/j0Qx8yLwZajlZm1zGBe7M7p3qmBVX/8A3wyGTDkkh9evFsxF8T0pBDWPr3vtpb5WPBO9rx2uiGbuvdulqshs85/+WiiecyOsFTq4/k7oOr9l9B+YanCLpY+zO7Acpw==
UDP - asdasd ha desconectado
UDP - asd ha desconectado
UDP - asd se ha desconectado.
UDP - asd ha conectado
getPubKey
CLAVE_AES UL3Nz6KguCajdzEwrA3mjZ8MhFCV4xdPbgD/QEYE6Bh9rW3gs7g7htK4n959a0vPucS+YPGi4ugFwjZwajygp9h5gg3wmz/24a1xCQOYL62qqJ1QIyxYXyu4ND4HE3VQYe/JIKc40izF9NVxCoIbpOokZSY+bh1tQhmEjMD2VIkf1wlTgCG3cD8hFOl92yLfDdUXP/Bs/V378Psv7oAGqxORbEM11ZEQKzHJib+CXHxQ360kfp0PIszadE4+2bhQ1BE30W2xEvHjhXMiLYIiVf5DUVtPzsesQzJAyDYTC6j7hZZY/QshGWtLQvxPYFtgItWihvyuehqZzgn6iLWDKg==
UDP - asdasd ha conectado
getPubKey
CLAVE_AES Ptrwb+QjhMrpWfZ3AD/w6Ns8ip4qgxjzgoeWy66YqQb+Ij3mLMROSKTKGr0K+VCTKpvWvy9eCdAPILrGOQo379DHFEyvb1Hye1yBCuoL/MGtPS/ARWelLAJO2wXluOklK7f1hQz/SZ6VSYlDQPgLXxNjv4bvss3CzZ+fmUxOmPSh1SquJwpdjSYFCVKuWti0MelSIvbppiiE59q6u4gdaOzIxdo8kCEkXQ55E3JOT83bW0cA/CUkPPIL7InKfDRhxLbniozIDH+FLtWULgaE44In66G0HlcruJyh+DYAM/Gvzef4/f4x3KIBlPnhvVFWFqUCFE2IUcTR6HIOyo9BOw==
UDP - asdasd ha desconectado
UDP - asdasd se ha desconectado.
UDP - asd ha desconectado
UDP - asd se ha desconectado.
UDP - asd ha conectado
UDP - asd ha desconectado
UDP - asd ha conectado
getPubKey
CLAVE_AES SWjnW9Ta9v3Ba6g03CwIUlfSWOsYOr1BiWjHAUJupi9X3iDMdW5dVUtXh7llPnV0K0PS8B0LZP1EwRvy+kabxZL8jYZD1oFOk9Z0+kDsRUIpFLz/wqFnZlJ36gJ+qwiYmPPi9U/p140nV2Pa4ys9S/5fNsCcRJ9XeKdJVlrxsFoyRPcarGy6X2fGm+2W9/wTXgvsEzaVVoupemQ0NX25QAcfYEwZlzTWDS7ybdKhBN4LnY2bHS34x05mHamdIQnn6eWyNLUdS660fxHnnsi3vf/I+NSgo9viHgQvzFeXU/FtANWSwSR0GpFi224eyJzQequRMiByqLyXnIeHXHtNyQ==
UDP - mpc ha conectado
getPubKey
CLAVE_AES mkRIP7O7zfR/AXrL4yaCW1665FnZESriwvbSLdDYhM2+Iagrv3Xlm42Px+sH2vcDw7S2/pcRIiChTTfWwmMLgtrRrnBSoRzxfNuUj2Sc0ANt1RX2oekdrWASNmEYV2WB0dfik3CKflda2GPY2d4APDOZcUH1kLKEhqVFWFNNVINMSjGFwId0hONvZkS6+wNzIEdR39h8wkpt1pk4vSgGYfzL9b6ESvfMUpL1N0PamAjn5i8Ramn8lYAeq1OoZ1klKU1SIPrwP27lQ9WxY5gjEl71MkaH8JDa8TyKICtPDyR+jLnhkcFdzo58X4MgbW1gSmoalxKJBT4ZOytlT3JEoQ==
UDP - mpc ha desconectado
UDP - mpc se ha desconectado.
QsLjI2iAJSLARsxq6IzVstRhOeUY7Ppt380afiSLkNKr0bISQYxxSnGnM85fPhIIvYThllf26OF+mga0J/mJqw==
UDP - asdMPC ha conectado
getPubKey
CLAVE_AES X2QmtUuAM4v/FERJVqR9kpkXhht/h+Ttx9fa5ArlKBCQTsh3QXmvdLTMoALMnB7zlz3rbHtFULfM658ynjwwjL+azKdfUNFEPXMp89vLa8I34vHtZybtbAWMhKuqaA127hIqJd5mNdkqHpOQxMv9z4u2cDhLtsQSpMQBsx7Ndy9R2MN6kH7T9JoIvPikNlHRuB+N/wmsc+gnEMtmqBNfXYyok697Ng6x76OJcsFKsklHugbSGdz21RtKMEvouK6HmzTHYiEuP3+g2c6aZFH+VfxOoqyYbeI+2vlXdiKSHTSM44H5rZGrgM8IHX9w1avVKP3Qq7pqG1MvTiLN5RJ1yg==
IZBkwthKCNicxncjceuaD2wZiPQFHiZusOsOxpR5R98HsYxzQwf/TRhfUWIR+x2xRBpnVrEX1iEFsdAZ9tOfGw==
01YAKj6HqvzrmJ5ixeoguSwe5KToqAEyvN+Q+2XXGp/efsvzohTxKfA+qcIlYOwltm5vgfuohLcaBAe8J0Nryg==
7ot3PBZ6yI7iLAr/68x888m5e5S97iGqe/JwKd7EBrv6CvJRdxYerLADl6TTMylPujlrVAgmIxtrE7xrDjkjVw==
UDP - asdMPC ha desconectado
UDP - asdMPC se ha desconectado.
UDP - asd ha conectado
getPubKey
CLAVE_AES Z69mHz6Jl9z2VxvRwN7AjYlYSbznAPyeSz3TCIF+YSrTDPtjX/hx0sSM8HWpjt4ukKp2kHdDMp8YfQgc9LfXFLCIgP/2ZxxvRy8uwdJTk2ADjaG5W04KsTSGyMNICYhWIeC0h0VMdpEG/qADwk4OVF6FU9z1ERpuxAQDVhnZHj6nL/RQ/ob+C9JG3JH6ChDrhDAzyzfWvjuKuzMW7WRlJ7BryTqWLtVwbdOsTAvKtEuL6qX0Gr/3N2x/gQHuAPgd/WeF+36DFA1EMmyB3qXWrZX/4n4slw+dr7IAYwlJD1dJlwqGtIU0nSu2jymqVyNQSl2wJm59INIMMdFFgDTipQ==
UDP - mpc ha conectado
getPubKey
CLAVE_AES kDg2hk8wENNkBX/bwcCjv5odFohst5G5apmOLqcloZZdew5fbNW/chw4D4ikB8/npLhqYjrnVsx0QUvPE2E64FGEQJF6hiu6sqAw4aiFP4LkvBMjZRBNOb/wlrQHQ8XEEl1NAJndnb3bTA+BJsUjAxTWlSZOrazQXtBASm0sR8YIswJSX3s3324qGRhFRLMXp/pO8zHlBzE56aChxuPfWCQLwyVETa6Md58nW5QuRxCDDbOyxNWj0sEk2Iufmx5K/YXP4x+BlFYppIY8u9k7GSFi35FEx9WhGd+9bfk1kTyhswgecBcj7qBjNz0dLXW9eER5zBEnS+ox5vDU47NVPg==
UDP - mpc ha desconectado
UDP - mpc se ha desconectado.
UDP - mpc ha desconectado
UDP - mpc se ha desconectado.
ryDzr3riQGOH8ZdcEQotMNRy21FZoBOIpcxuWWzgHUnPz+FHm/ITHxPzlf9xLb8atYExvDG1ILPwmUv7E5XA1A==
UDP - asdasd ha conectado
getPubKey
CLAVE_AES PVJCfZcyRLnLBj+PDnz/PA7ZYYBOWbRGjFlscsZyYUcj9fuxdynuIqsh7SgeDk7YUzXh+98ccgJnm+lVicwCdUq3aaGrWnuUVlF5DuZSNialuCM/MB2ilZpWweXJnyNJ7F89Lu7M9/cu1NWLrVmQ5ufCFMmw7BwifWjml2D58ypptW4eoxL2fJlnN6mcREpNWosejgvnRbuclTun4b9rNNRl+n5bRpmypfnKCR6N879zrDJ939im5GJ+gfX5pbzWmqLeKwxivacydbANYKhrSlOwniNPouUrGZhlxoBkgRSuzoQhxaWE2KfxCWeY5QIFPNxq5szYrTT6XRDMTLRyew==
UDP - asdasdasd ha conectado
getPubKey
CLAVE_AES KzaF1UkXzvCasqfAqIUWmCrrSSFbJScL4MDSnORQUEQWMYN84xUIdLi8JYIPgKqaMzbBAq7zKmJ3ftW247VX7GBusLVEAvgpOG8O+cum1u48uQfOIcedf6QkGEmgR7q6SRmuOU4r++6hfzSRZoMhfHUHCroXYEvbn0dN/+6igznJ04GJ/h1AWrHa+PYW3og3TZc4XKKp2joUMyJrlFWizvEwalKPdj81uqqn5WoH5MD8Qr5zGTt5WP9DWQbRjG9XOP4OkX1fnr05Z+R08TmWdm7VQlA+8O8Rkgl/mka1L+sS8NM5wveFWG4nkWqeVx82oOPBYAC/hSI8xB6DCCYZVQ==
UpZNwL4rs05VPJZDWddikWJgYhHamHUSBME00NYA8zvpSWZmVXt1ZLauW+7xcwTETXhBJeIuEB4yfARQadiyXg==
ZqC9HT3KcFDZl5qmjkFIpPJCI5y2sDviVFJc7qKlUM2VljA8O3LTeKAbWMUr6VPuHH0XJClqBA7YkZF62antvw==
UDP - asdasdasd ha desconectado
UDP - asdasdasd se ha desconectado.
UDP - asdasdasd ha desconectado
UDP - asdasdasd se ha desconectado.
UDP - mpc ha conectado
getPubKey
CLAVE_AES IHVACuX3DZtHCrViM6XUkZ1DiOgO6aBO/Zn6SCp//l5eYd+GXeYr2joJUZmWl+kNsIkGsVBOeYKFxEF/Ey/zYX+lxx6CWYgnFK3NBSmUh/tTO8Z+1u7gn6f+RwjGVN6zodDQcB3G2JFO0mJjFlBThQSoWbsXFQynICnEQ50zK9JgPPuUbW8wbfPM/9scGOQ4ak33EiQkg/HeAbKyGjO7kOtfr63olFClaOvJl8Mo7bfDPqyMV1tdHgCvtm8QL3V9q2UhetrOQVzZvaEiOC++KFTYJgPrYkXJjEKZPXtqWvGsN0oiwv2slpmGe3iWNfWBIb7eRf+volYyVXA4i8+V9g==
UDP - lgl ha conectado
getPubKey
CLAVE_AES hyUTzbJExPpotPddIzzamlBV7Oe/QM3O/vnqcp+EDPiWSfWIqaoQ5Fnf1MGFIjfv9or/nv96JFf9LwZFlo25tgSQspNaxD5/kaj9ot57n0eDMGkoN0aLAuLUXn9RqvLFbdJA6u2n4loEzi06hc6q0FeFVJPCWyX1VPyXfnu4xVxGzYn1hZbFyh6QAo13Os1kSa6esEA+FKhukBcA2p86txU/UF2C5NTRCtpsbUhaJZg2h5DUx1aSApyl3QbJPwV+0irSfkn9q4inTyyAoTSf1ea+qLuIJukEo7XC3A59Z1SJBmsldYgvh4TmyBt6p+JdR4kKnHeurLxV02CBXx/3gg==
qr3pZdxHbEwV9aBrzynPj0PvifF/ySroIkNpL6LiwPnRpd10KJ0YLl9Feky/YYRiNeozidS+vx1vl0b9SQVYyA==
BrXJzWsCaOIoyDH2bktea6MEqljj9JpKmZSgyrj2aX+04Oc0/YkrkteJlGRomKaDtlIErwau6tsdksJRwar+Ug==
UDP - mpc se ha desconectado.
UDP - mpc se ha desconectado.
UDP - mpc se ha desconectado.
UDP - mpc se ha desconectado.
UDP - lgl se ha desconectado.
UDP - lgl se ha desconectado.
UDP - lgl se ha desconectado.
UDP - lgl se ha desconectado.
UDP - mpc ha conectado
getPubKey
CLAVE_AES F3oC/waxv4ygSDm5BsIxVjM2iYR8gljglV5enLT44AHZ+tSSxEG5h8EnZdFHGckYMnj6JgAR4ZvbYPb1szNq4ynw1bJUpfn4qk39swWNX5aVadjQ8G5zFMHudC1a6RVsPSeeyIyZwLwUJ0WgXx81gMv+Yrmif0qk9lmcnvQgleiul12FVOsY6ZskK2hqIBNNZhXGK9mlCNez9RKDDpsCN3st6yBNFGyRP08nA7GxNll5XYfdePasGlBZ8nlCxQMVHRRmFAuRCAmuq/0qfu5RaCdULEGNPvjuQEeZ651zFUpgFwUw1In4JdKqjahMtvzVm22jWPm6YHIX927S7hmS6g==
UDP - lgl ha conectado
getPubKey
CLAVE_AES duCP3PJQxY96iSC32H4ILOng4WHkNgnOkPAuH4otEmfiiYqGZ51weNA1LREa3Vi4EB0TMM3DmUGIkkAwX5jRpdlo5r9ShSaR5zHNsvwjlk+NH1hiyo45vWJoehqPyetV/3s2OqLhTAmSeRo86wZ83ME4sl5n+5301NILWlP+NByfFaXaYrXtPiULmH1+J1bf8hskWGRQrfMrBvgK21m2Qh6Kbcw0JyRPLowvkKPWTewVnCgf9qNYpx4FWnCg0gE+/lW4gfwNUex/OBoETeX0ccPJykYy4wpmMHES5pjsKKOF6lnmXzddCXI9vEmUWTBt0URnGxhf8O/doyEAJyvwwQ==
XnfJPwogreG+I6OUo17bIId9nxeoriIQLznv64MmmhNKYl0WYkiQtBw17twEB6eMc9W148TIU8hro14oHclGqw==
UDP - mpc se ha desconectado.
UDP - mpc se ha desconectado.
UDP - mpc se ha desconectado.
UDP - mpc se ha desconectado.
UDP - lgl se ha desconectado.
UDP - lgl se ha desconectado.
UDP - lgl se ha desconectado.
UDP - lgl se ha desconectado.
UDP - MPC ha conectado
getPubKey
CLAVE_AES UX4nePjxf2gxS2hV5C2BCSB3c025ii4lVzjkadjb5GrKj86iAWo4LqR6flPulJ0IgRB0Rz7enwizcMYsI+p824VlXRLRuBJyLBH2j/zvbg3/1ICzU/y1xz86Zjas8/iMosFB6SWa7PQW7Qmmf3sK95nNZ3ZIJsySitGPBYGt0h8cqY92lONQTyGslkf7tTLLOMCgBkMFIvEGRWsEw8y3zHQNVODYUPi47lCTYxCjK5gpmYZmECx7CpU+l0Mnw53UY38GAbbAigsSEb+wsVc0YM/NsiEU7+TLkQ7Mzqfbx7nZhCCmtNqUOjP9zACCtF65ztm7/JIePvpHW+lkILhW4g==
UDP - Lau ha conectado
getPubKey
CLAVE_AES X48FWT/RMkopNuV/sikF8UdxW0SwG7X9CHiJJxzZtKwFt79K7vj5RuK11mypscn5C/MiCC4T8I/R11BjhCAhlEQCEsUxYjlfUndopMTsYxscbJEhZj2xeg5wqlhQ1aog9BFoa7oL8S6F4LUmRdYTb5d+0E3hB6AdNIm9KLb/VM2YpiCgZyKlkYzzEgmfprsQqq4pfsEFl5HLHJgWuTlG/xI4ult0B8x8eeJ3RLmycvpjfAEamDqRIWyc6XFO+rn5RJZMXMXlX8nY38RHktcLLZW5tVliUpTe+/yYzL0pWAy+k6hGBsWZQIPSikWbsRO+bXkkYitd12+uT0tnZkkDFw==
C4ZyzNeLu73h7+0nGlEkGcHXRnfD3vUW6KdoyerEzQzwCslBPbnols+iS3FpMIlhty6rOnUeooY6YdGmP2AkHA==
UDP - MPC se ha desconectado.
UDP - MPC se ha desconectado.
UDP - MPC se ha desconectado.
UDP - MPC se ha desconectado.
UDP - mpc ha conectado
getPubKey
CLAVE_AES Ngc6GkJVVgbiVKn74TO15GfHYO09w13BHUPKxCXXzl7b/+0ipWgN0EkaPPYHkzTMryVwz7Hb3xUu20qrrkFvkt+YKeFMKudbBvjZeLOfVe5giEwJrNMWKM6wRUD8Ip4HS59HWtchRHd11oXHkwHZa0bFZli+gXvecfeKN9XQbTiKTw7cULbCBTOksRW3TAuINzueRGxEpy8Fhmx8A6ryMsbQ/ff8eP7yLt3P2XmTzTxZDUq56YSO+2o8K5R1cXmRkQz4M4IsbG6AyUXlz8A8RazmYdIEuR6FFGzPc5NUmCSCaLvzPZDe8XTbnDXG1zesSnqnmMtMxk1WVoguYGTkXA==
UDP - LGL ha conectado
getPubKey
CLAVE_AES B79+XEXyfm4kpzQ8oc9v1+VpjVTicQCptls5sgh4CZU8cyC5pHt/CK7hIQhU2wzepWO7p+jxEXYvw/vcfbE8ehwlzq65bxQEMaSVHFUEiepHi88uxoH6ETNBuw5wKfZJgLardl5+UsQHAEleqoxJDelaxba0JshV9pOsmdaJG4pvNCMbZ3v3kg0HiV4QnbUBiBa9uhHBdR+k6b/NPWgrZl9mswQsXdyFjRgYAJUxM+y8XnB7NUnA28Z2nm4xdzdIPlwFqLF/v6VUEyQG7MDQZw6OaorZ5/GLnOOVaC3nJTBxLTgGq+wdJvBkLYkItlr/9+gKqUGw6VeRHddsx0orZQ==
yqHPco9Jx9h2hfL5/8arC6QjVIPyRZI9kfkZo13nvajSWuCaRvMk95YPTFXrNzvGQNey74IfG0lQz/DsEi+bbQ==
UDP - mpc se ha desconectado.
UDP - mpc se ha desconectado.
UDP - mpc se ha desconectado.
UDP - mpc se ha desconectado.
UDP - mpc ha conectado
getPubKey
CLAVE_AES MhHrBVXG3/FFfzP6tlORkMA1OBdG70DO4nVa2nK1l92aW4y+YNX5ZbWu3km7FkFD/GPpFP7yjzzSwoMDhSXJDqlOc5FN67NTYycRIfZiojaM8PDGR1YBXv1MnRkeULuDbNfHR6N5c78tiXkhSRutuwk1Q7lrSR+x/ePrgeAGJdgwznDjxgHZyCrDL5dgsAPfMI7SIfQaHbzVGPBXLTvhu37SkewLwD54QazJsCIuFGgl3Ar7HoQC5MwX8o29AvXRHVrauaZlvx1OMLhP5wb9FcnSq+meuuW/fTvLHXpwbHN9veGB41DXfdAXWVKAxDV9qOqNt2UT4QaZ53fZkeDG6A==
UDP - lgl ha conectado
getPubKey
CLAVE_AES QQiTO4tIkL661TrZyWq6NQMS21GiMhaF4hk3trgkVMjWc9QCp87cpvANd9rBk5pAZSVXcgg5UEUdF/IByruiwEcjRjQ9f9dGoqroTATPOvDDUoZXQjXTHo3zTJfdpgLAvY7Y69k+LCjv2Ead4a69uD20w2YyldzjYISDa4z7cLtxm5rXNZLm7AKD1qtryDAzb1wejfYUOQUeZAjqqKTlFokLpbWlNGWqbeo5aSDRYYRw2schVj1PzRRm7PBAqkIYqoIZUEE8Dqok/dRFUl4K3NwNQWevgN67MxfMZs4U5fiB6IS2kGRrcJMySMZSAyAve7CNbmsjjILfejoRV+/ojQ==
Ao+A58GXbFVLKvWvAdE2N/H+Uhh2CYpOGtfOYz5C6fpO4ve8ugmCeCIEnpAefcm42EK5wA0jX7+/xc4qZTmneg==
UDP - mpc se ha desconectado.
UDP - mpc se ha desconectado.
UDP - mpc se ha desconectado.
UDP - mpc se ha desconectado.
UDP - holi ha conectado
getPubKey
CLAVE_AES JVjFGiIOyw/z9XGSWpA/oAwQg0kHsWmi+aGQLYuvSMxJrpHNRPmyqs1Z4lKbHZCQgvguhohyKlFXPuWa2z4DFWZ14mXAyI1qeqVZ5hfBUosEEwyoPKz2Xh2MVtd/XPDKKxi8FqtWRYGYI/ZxG1hwIUddzcMsBatMmL9X1r8BqgTmxlUmTKJRRT67SFVUMGOxRxA2VEl0ebsc8+9iUCJzc1iWi3UsTnUAmWZ0WJ2PbSfr0iOdu3KxvzojSoYP1iDDUE5gyBhaWyYcwIKoBs5qw/w8+yTC4yp9Uqc0L1cNvPCXIRSCvNpHnmIcjJPrrpqrfSnhNT1zb133lQaZ8/NhTg==
UDP - Nilo ha conectado
getPubKey
CLAVE_AES kgxAy7ko5egFPjqU+eSTiWJMTOLfy6Uv+F2SJAl83ThTY2Va1ia56ZyG0R9rUMN6V1AupRo3ABcZjP87uHsB3lV+3ZFVvyA0kAylB5q0eIqZXu95e9OuBg7kdJ2sFHb1RoHKOHYHhh6ueah9HSehQLExP1BGtdcW/XGPGdlLXWdRXbzesErax+A5/06XYyQeYsxA9a/xF6ohipKKW5ImjqY7yTSsRRaaycAyZ80jc176XK/XnaTt2kVdytfZ+7OMjIsSrdiknWS7tUo52Bu6w9bCuUwxG4uwCPJyLl+TTXidfZwg49kIu6Cq7mjrmyTQUG9VONbUDaD3zO8sr/wzAQ==
msa74PSzA65fe1Tmtn8SqmIz+a+4szDPvKMX36M9GTgrgGvAIA7f2DseiYbkQfYOsdctlgB4AzgyCItgMWc5jQ==
UDP - holi se ha desconectado.
UDP - holi se ha desconectado.
UDP - holi se ha desconectado.
UDP - holi se ha desconectado.
UDP - Oli ha conectado
getPubKey
CLAVE_AES kHu23fRNzQKLLW7HUljX3DkeMLFApo475vjFySPEfJWj3HpFysjNAQfaDJ1nsWsyZX1GdodUIs3B2emO4DbUZNZ6OpRR6UbCg8K6QKWqa1LoejCKuXNwBmXwDf17/VoGiyRLPM4AA3ZD2E1Z6nt86UoR4KQIuhZalPRQVKkwW/ovaxN9try5a08R54PsaOFPBmOMBNB+WuCALRKH1YHZ93g73miCxC1UoTRJTq7yPdEJJcPmiKcMWDjMq3qYB8vpT2z2Sx5qIBDKrSZ2K/GWQe08kxFbzRFlBW3cUE1jZeK6jD4Z4LSb82PjS4eyQOZj5Sy9etusjY8DNZrmRs5zog==
UDP - Nilo ha conectado
getPubKey
CLAVE_AES pVdVXoV2n6wAdhMczffTZr9MgK0CxDLHqDA5wqlz1sD81UcL9NSEA1NbowvdzcoKUYEzmjRnBpxUUFUZpRs8ng+pDM7ufd6GIJM7ftShlDfe7uGhG2IBcIXf1udWNln9W/ZTuZp/pqpZTWoQuZRQ2s5Q0Is0bVgPr3S5DIEeM3KXAsMM4kHx3sa6L4GOpsHvDTzZghcdSr4YKUeaJHnBxKdoJh5GM4ur6qf3QnhD7+w/Ef5tw46N5fRbW8lvP7WkHfZfGgTiD5j+oNm+VxQRC+4lRMDhVLJ4sdZ2H+60kMEQZpdbqEJw8qZbjTvkVwnq5CWbC4dsftRsMw/HrazU8w==
Xm1uG+BWeLK1Fq1YZCrjA+i2ulPdLQ9gq6dWA+QzaKxbEAIAV5OQsgVNFxYldK7Q+ytLDXrvCqweOUkMeBS7Zw==
UDP - Nilo se ha desconectado.
UDP - Oli se ha desconectado.
UDP - Nilo se ha desconectado.
UDP - Oli se ha desconectado.
UDP - Nilo se ha desconectado.
UDP - Oli se ha desconectado.
UDP - Nilo se ha desconectado.
UDP - Oli se ha desconectado.
UDP - Oli ha conectado
getPubKey
CLAVE_AES HqduaPg+gglA68uctitE09PEHN/gXESuskanlGEWGZZQHgAedxihtrEme2U55TfZKzSbPDL6DAPnz7BCtGY+aMfaF6sqwNMVV86Y++GzphOy9SR39HqU9sQ7NiN2qAGiNAolvHv4eWkWv1GiI/79QStd8HCIW9o4KklJyZkI1iNzEs//8Ajtlz+sR2Xmj2FfXl9P1HAhk0p+Hl/a51JC5eShnnjSm81NfHyK+Jqzi8ZSwBQoRtkBKMEs2i/5l8RCPYZdu+OTavp8DXmp5o0qCbdJxr3a2EUtak0yfXq/vXh3EyAt96ie8LcbX3B3goLwVB3zaxNiG4QKJlUMWR+6+A==
UDP - Nilo ha conectado
getPubKey
CLAVE_AES eoC1Yv2Rn2hC4z4CUEqOASnwUC2mmvIQk9HflVxCREhRK2dmqfzLuoptNkz0MqNoq4qW6fC1dC5mCHPMBjN2pez1VWC+S+YWUTWYt6B3ePa1uhTT4pdpDowVM6gtlCFoWIgEOQJhZBW2+pX5/CbK0QqONug8v2A1+N7ZbMA+cG8F37814Ly5ltPRqAJkgrPSElMVpC/NzbbG6bzvnzeY7EtQ5WW3yKF92iHJE12ykjZOOctY6nGK7to1H7AsunCESjTnOIV50uqwIMWXfuIFexdpPugmQHz/nKkXQaWm1YVBNS71Wypk7dIoJEawVPZUHQbhDTK9F4aBcGeJpSr09Q==
aZcs1zJ455kothzjNg6GalxaTVCKCRtsSJMJmPke/ozB3lqlAPBl9Rdtm10oCVQctth/UpYn5ifB8OnAEa7Ljg==
UDP - Nilo se ha desconectado.
UDP - Oli se ha desconectado.
UDP - Nilo se ha desconectado.
UDP - Nilo se ha desconectado.
UDP - Oli se ha desconectado.
UDP - Nilo se ha desconectado.
UDP - Oli se ha desconectado.
UDP - Oli se ha desconectado.
UDP - Oli ha conectado
getPubKey
CLAVE_AES rJMT5cpjGZVxz5hMdgJaZ3yRC0f6XLNSk0QUslPdvuZo7QFvQ0W7tBTAJ/jgjhrEqHyZqlSi4EgbKoauMo5Gq9iyf6gMU3LQZR+c5TdOPyCOmFTYcKGvRhOkR3goLZnDpGi5kZU/XwIwJN8d3OcLIU9myVA0CHQ+lnQRamDpQ6Rsru9R7EAW9QkGj1YDYWfYowRg4je+IBO6hR4S60kqcTwMAOdqnXrGR5o9oVJSfUU7ReqIMMhT7pLYq5LSxNj299M3dZ1Ia1XNLjE1WEYxLs0TdmksuRUN+uSHUJzIzDL9SQ8u8AGjg2Vgq917q5A7BaOqgdDtiP6t2GfanuUBAw==
UDP - Nilo ha conectado
getPubKey
CLAVE_AES 01D9Xu7SzgMO/Z8CqF7yAz2XslC++wZPe2HzPFMQK8mH9uCMcxhAmERxx8d7lyRjskqAnle2gwQ0nZUleZY6xjTr/gdmJjVdXSquMa2NAU1tRuX9doYuk0blMrIuebiQAol0zNVNG4qqVTVNjmKp3R4bSAagHpxiH0ikH6i4GMKqUPBZ4nsCt/YLYfB+LvRw5+nLWTHzZe9lKOidADHdTs0KU0PZpyCs2s9w/xbLIbrCGcKZt/x6HSLDKpIJb6Ap3EJi7VcmvVvUWRj+mbyUv4E15QrjQE/xB5+sVOAv7TpBnG04DeI3LWAPbjfZ0OcFJEP4kWJfVoyY0rulsg5O2Q==
UDP - Oli ha conectado
getPubKey
CLAVE_AES eLwPHHsK/92mRm+0voNh1Rr+DKvwB3JN8CBSjiR+vqM9dsC2n+rokMK7rlkyt79gaY7oAVcvWnlvfTbr3AF1lKr1UugtVaxACH91PdxAU+6ToS0nLJwMNifRgb6J7lyly60S9K2ZjiKugflVfSMS2EbMYQ6Iz+2AjBDU/emjPKGMF73cXqM9kfsYjxHGn8JMoO8BUTy8a23jDelmwCQXaIpMpCAG5elkxPuYE6ETba3Pr1aUT9FCi98JC2GZXdsZFBuITVcHcrJrVXfsNk85x5g3dsGcdpGThx08Rwy6NRVL8e66asDglYEe4Z4K2F5JOFMq7Yb1kKbOglRRjAh+Fg==
UDP - Nilo ha conectado
getPubKey
CLAVE_AES sc2cbXI5sr5TAxGHj3oxEEt6K4pDOyf6GiU7cY+aDhi9pJ3AwUZE8gDrRFm9t3+/vy5+QnPqtswEaKp1D+LIxXlYWiabADWVxIJxyVi1b8qY8yFJXx3KSTSV17MiWjHbzfZhJgBGRQyF0LEipLFXYzWEnHDjFKN8iysk3wI/YPD7JLh+pGtVicUHBQijceZ7qccGdER0HAF7WKYmyZUFG0s/jMyezocQKWBFBSiUQrXYFZKHztDrromgSVQ5MBEph5x4r95MXXowVS5CgO9EUWeLFBOGVEH7/p9Ab14rgrtCqOGK1b1x0137HDCODeZXX+eubEwG0gDvXNIhV8AzuQ==
jakI4dqZKdRGVnE3dHefKjsZltgsm2eBNcvPZP18YVxsKzggF1GpzMVni+eU+5M86yhLt5TrEPph85TI4AS/0A==
zy1h8hygz9PR0qY3VxQVpFP8VtMS0Ag0m3XVSKOpEluP1g8iK1Pug7kjuKrnc9TQFlMVtWtg3sqz0wP+g0IBdg==
QOF3/Db7kKxoNabbzQU6kE0cvAXHw+Zh1nXoOZbqKT3Htp3BI68qPne8u8k0VoMkDa4LPXqhOr5NENyEeLTaxw==
UDP - Oli se ha desconectado.
UDP - Oli se ha desconectado.
UDP - Oli se ha desconectado.
UDP - Oli se ha desconectado.
rqEi8VrXKSe/+uWowwXBnOk7tWxQovRmYEFhn3aqhMgrEr+k7ahVTBDbQE+tVhwvKMq3yvT1ntwILiLgieNacQ==
UDP - Nilo se ha desconectado.
UDP - Nilo se ha desconectado.
UDP - Nilo se ha desconectado.
UDP - Nilo se ha desconectado.
