UDP - Macia ha conectado
Hola
asd
asd


asd
asd
as
d
asd
a
sd
asd
a
sd

UDP - Macia se ha desconectado.
UDP - Macia ha conectado
UDP - Macia se ha desconectado.
UDP - Macia ha conectado
UDP - Macia ha conectado
UDP - Macia ha conectado
UDP - Laura ha conectado
Hola
Hola
xit
exit
salir
UDP - Laura se ha desconectado.
UDP - Macia ha conectado
hola
UDP - Macia se ha desconectado.
UDP - Laura ha conectado
hola
asdgsd
UDP - Macia se ha desconectado.
UDP - Laura se ha desconectado.
UDP - Hola ha conectado
asd
UDP - Macia ha conectado
UDP - Macia se ha desconectado.
UDP - Macia ha conectado
UDP - Macia se ha desconectado.
UDP - Macia ha conectado
UDP - Macia se ha desconectado.
UDP - Laura ha conectado
UDP - Macia ha conectado
hola macia
hola Laura



exit
salir
UDP - Macia se ha desconectado.
UDP - hola ha conectado
exit
salir
UDP - hola se ha desconectado.
UDP - Macia ha conectado
salir
UDP - Macia se ha desconectado.
UDP - Macia ha conectado
salir
UDP - Macia se ha desconectado.
UDP - Macia ha conectado
salir
UDP - Macia se ha desconectado.
UDP - macia ha conectado
salir
UDP - macia se ha desconectado.
UDP - macia ha conectado
salir
UDP - macia se ha desconectado.
UDP - macia ha conectado
salir
UDP - macia se ha desconectado.
UDP - hola ha conectado
salir
UDP - hola se ha desconectado.
UDP - Macia ha conectado
salir
UDP - Macia se ha desconectado.
UDP - macia ha conectado
salir
UDP - macia se ha desconectado.
UDP - Laura se ha desconectado.
UDP - Macia ha conectado
salir
UDP - Macia se ha desconectado.
UDP - Macia ha conectado
salir
UDP - Macia se ha desconectado.
UDP - hola ha conectado
hola

hola
hola
hola
salir
UDP - hola se ha desconectado.
UDP - Macia ha conectado
hola
UDP - Laura ha conectado
Hola
salir
UDP - Macia se ha desconectado.
UDP - Laura se ha desconectado.
UDP - Macia ha conectado
UDP - Laura ha conectado
salir
UDP - Macia se ha desconectado.
UDP - Hola ha conectado
salir
UDP - Hola se ha desconectado.
UDP - Laura se ha desconectado.
UDP - Macia ha conectado
UDP - Laura ha conectado
salir
UDP - Macia se ha desconectado.
UDP - MAcia ha conectado
UDP - Laura ha conectado
salir
UDP - MAcia ha desconectado
UDP - MAcia se ha desconectado.
salir
UDP - Laura ha desconectado
UDP - Laura se ha desconectado.
UDP - Macia ha conectado
salir
UDP - Macia ha desconectado
UDP - Macia se ha desconectado.
UDP - Macia ha conectado
UDP - Laura ha conectado
hola
hola
alir
UDP - Macia ha desconectado
UDP - Macia se ha desconectado.
UDP - Laura ha desconectado
UDP - Laura se ha desconectado.
UDP - Macia ha conectado
UDP - Laura ha conectado
Hola
Hola
asd
UDP - Macia ha desconectado
UDP - Macia se ha desconectado.
UDP - Laura ha desconectado
UDP - Laura se ha desconectado.
UDP - MPC ha conectado
UDP - LGL ha conectado
hola
hola
hola
asf
UDP - LGL ha desconectado
UDP - LGL se ha desconectado.
UDP - MPC ha conectado
UDP - LGL ha conectado
hola
UDP - LGL ha desconectado
UDP - LGL se ha desconectado.
UDP - MPC ha conectado
LGL
UDP - LGL ha conectado
asd
UDP - LGL ha desconectado
UDP - LGL se ha desconectado.
UDP - LGL ha desconectado
UDP - LGL se ha desconectado.
asd
UDP - MPC ha conectado
UDP - LGL ha conectado
Hola
UDP - LGL ha desconectado
UDP - LGL se ha desconectado.
UDP - LGL ha desconectado
UDP - LGL se ha desconectado.
UDP - LGL ha conectado
UDP - MPC ha conectado
hola
UDP - MPC se ha desconectado.
UDP - MPC se ha desconectado.
UDP - LGL se ha desconectado.
UDP - LGL se ha desconectado.
UDP - MPC ha conectado
UDP - LGL ha conectado
hola
salir
UDP - LGL se ha desconectado.
UDP - LGL se ha desconectado.
UDP - LGL ha conectado
UDP - MPC ha conectado
asd
salir
UDP - MPC se ha desconectado.
UDP - MPC se ha desconectado.
UDP - MPC ha conectado
asd
doy nuevo
UDP - asd ha conectado
yo soy mas nuevo
UDP - asd se ha desconectado.
UDP - asd se ha desconectado.
UDP - MPC se ha desconectado.
UDP - LGL se ha desconectado.
UDP - MPC se ha desconectado.
UDP - LGL se ha desconectado.
UDP - MPC ha conectado
UDP - LGL ha conectado
UDP - JVC ha conectado
UDP - MPC se ha desconectado.
UDP - MPC se ha desconectado.
UDP - LGL se ha desconectado.
UDP - LGL se ha desconectado.
UDP - JVC se ha desconectado.
UDP - JVC se ha desconectado.
UDP - MPC ha conectado
UDP - LGL ha conectado
UDP - JVC ha conectado
salir
UDP - JVC se ha desconectado.
UDP - JVC se ha desconectado.
salir
UDP - LGL se ha desconectado.
UDP - LGL se ha desconectado.
UDP - MPC se ha desconectado.
UDP - MPC se ha desconectado.
UDP - MPC ha conectado
UDP - Nilo ha conectado
UDP - Oli ha conectado
asd
salir
UDP - Oli se ha desconectado.
salir
UDP - Nilo se ha desconectado.
UDP - MPC se ha desconectado.
UDP - Oli ha conectado
UDP - Nilo ha conectado
Hola Oli
salir
UDP - Oli se ha desconectado.
salir
UDP - Nilo se ha desconectado.
